  [1m[36m (39.3ms)[0m  [1mCREATE TABLE "schema_migrations" ("version" varchar NOT NULL) [0m
  [1m[35m (0.1ms)[0m  select sqlite_version(*)
  [1m[36m (9.8ms)[0m  [1mCREATE UNIQUE INDEX "unique_schema_migrations" ON "schema_migrations" ("version")[0m
  [1m[35mActiveRecord::SchemaMigration Load (0.1ms)[0m  SELECT "schema_migrations".* FROM "schema_migrations"
Migrating to CreateUsers (20160126161154)
  [1m[36m (0.1ms)[0m  [1mbegin transaction[0m
  [1m[35m (0.3ms)[0m  CREATE TABLE "users" ("id" INTEGER PRIMARY KEY AUTOINCREMENT NOT NULL, "username" varchar NOT NULL, "password_digest" varchar NOT NULL, "session_token" varchar NOT NULL) 
  [1m[36mSQL (0.4ms)[0m  [1mINSERT INTO "schema_migrations" ("version") VALUES (?)[0m  [["version", "20160126161154"]]
  [1m[35m (11.9ms)[0m  commit transaction
Migrating to UpdateUsers (20160126163325)
  [1m[36m (0.1ms)[0m  [1mbegin transaction[0m
  [1m[35m (0.4ms)[0m  CREATE UNIQUE INDEX "index_users_on_username" ON "users" ("username")
  [1m[36mSQL (0.1ms)[0m  [1mINSERT INTO "schema_migrations" ("version") VALUES (?)[0m  [["version", "20160126163325"]]
  [1m[35m (10.8ms)[0m  commit transaction
  [1m[36mActiveRecord::SchemaMigration Load (0.1ms)[0m  [1mSELECT "schema_migrations".* FROM "schema_migrations"[0m
  [1m[35m (0.1ms)[0m              SELECT sql
            FROM sqlite_master
            WHERE name='index_users_on_username' AND type='index'
            UNION ALL
            SELECT sql
            FROM sqlite_temp_master
            WHERE name='index_users_on_username' AND type='index'

  [1m[36mActiveRecord::SchemaMigration Load (0.1ms)[0m  [1mSELECT "schema_migrations".* FROM "schema_migrations"[0m
  [1m[35mUser Load (0.1ms)[0m  SELECT "users".* FROM "users"
  [1m[36m (0.1ms)[0m  [1mbegin transaction[0m
  [1m[35mUser Exists (0.3ms)[0m  SELECT  1 AS one FROM "users" WHERE "users"."username" = 'guest' LIMIT 1
  [1m[36mSQL (0.3ms)[0m  [1mINSERT INTO "users" ("username", "session_token", "password_digest") VALUES (?, ?, ?)[0m  [["username", "guest"], ["session_token", "zrXz4UjmIavlSZql62j5Qg"], ["password_digest", "$2a$10$Gw7/lxoQS/iu33.nxirXi.CXa4VPaGSRHPHS915j9hq5AFG8Yx9Te"]]
  [1m[35m (11.7ms)[0m  commit transaction
  [1m[36m (0.1ms)[0m  [1mbegin transaction[0m
  [1m[35mUser Exists (0.1ms)[0m  SELECT  1 AS one FROM "users" WHERE "users"."username" = 'christian' LIMIT 1
  [1m[36mSQL (0.1ms)[0m  [1mINSERT INTO "users" ("username", "session_token", "password_digest") VALUES (?, ?, ?)[0m  [["username", "christian"], ["session_token", "82IaXT3v51i7wrbJ9zpICQ"], ["password_digest", "$2a$10$8f0emmZDuHN/zfCf.Y5wFea3EOadyO5iuHonZqAuYXCfuyQa/bVii"]]
  [1m[35m (125.5ms)[0m  commit transaction
  [1m[36m (0.1ms)[0m  [1mbegin transaction[0m
  [1m[35mUser Exists (0.1ms)[0m  SELECT  1 AS one FROM "users" WHERE "users"."username" = 'yoda' LIMIT 1
  [1m[36mSQL (0.1ms)[0m  [1mINSERT INTO "users" ("username", "session_token", "password_digest") VALUES (?, ?, ?)[0m  [["username", "yoda"], ["session_token", "OeWQZG3-5PCtNnWS2rAj6A"], ["password_digest", "$2a$10$97G8NKwRiHS6tvjsInllaOmbe6iHdGOkkTu/Jkyo8Ph2.Nwq0JPcC"]]
  [1m[35m (128.6ms)[0m  commit transaction
  [1m[36m (0.1ms)[0m  [1mbegin transaction[0m
  [1m[35mUser Exists (0.1ms)[0m  SELECT  1 AS one FROM "users" WHERE "users"."username" = 'johnsmith' LIMIT 1
  [1m[36mSQL (0.4ms)[0m  [1mINSERT INTO "users" ("username", "session_token", "password_digest") VALUES (?, ?, ?)[0m  [["username", "johnsmith"], ["session_token", "f9ocbx3yXdesDMRzZ25ENA"], ["password_digest", "$2a$10$K6/AZ9O.glnwk6NzMpdwiuITKtxjJH4cgDudRIef3VFFYr4zUnBmK"]]
  [1m[35m (133.1ms)[0m  commit transaction


Started GET "/" for 127.0.0.1 at 2016-01-26 21:45:59 -0500
  [1m[36mActiveRecord::SchemaMigration Load (0.1ms)[0m  [1mSELECT "schema_migrations".* FROM "schema_migrations"[0m
Processing by StaticPagesController#root as HTML
  [1m[35mUser Load (0.2ms)[0m  SELECT  "users".* FROM "users" WHERE "users"."session_token" IS NULL LIMIT 1
Redirected to http://localhost:3000/session/new
Filter chain halted as :signed_in? rendered or redirected
Completed 302 Found in 78ms (ActiveRecord: 0.3ms)


Started GET "/session/new" for 127.0.0.1 at 2016-01-26 21:45:59 -0500
Processing by SessionsController#new as HTML
  Rendered sessions/new.html.erb within layouts/application (1.7ms)
  [1m[36mUser Load (0.1ms)[0m  [1mSELECT  "users".* FROM "users" WHERE "users"."session_token" IS NULL LIMIT 1[0m
Completed 200 OK in 984ms (Views: 980.1ms | ActiveRecord: 0.3ms)


Started GET "/assets/application.self-46976d5a62404b6aa0d0a0dba5fd96e7a6d1e502e16397bfc80bffa779488138.css?body=1" for 127.0.0.1 at 2016-01-26 21:46:01 -0500


Started GET "/assets/sessions.self-e3b0c44298fc1c149afbf4c8996fb92427ae41e4649b934ca495991b7852b855.css?body=1" for 127.0.0.1 at 2016-01-26 21:46:01 -0500


Started GET "/assets/bundle.self-7e6802785b885f7fd8441c3e85f3731f6104fb1184570d7deb0021e333e76af1.js?body=1" for 127.0.0.1 at 2016-01-26 21:46:01 -0500


Started GET "/assets/users.self-e3b0c44298fc1c149afbf4c8996fb92427ae41e4649b934ca495991b7852b855.css?body=1" for 127.0.0.1 at 2016-01-26 21:46:01 -0500


Started GET "/assets/sessions.self-877aef30ae1b040ab8a3aba4e3e309a11d7f2612f44dde450b5c157aa5f95c05.js?body=1" for 127.0.0.1 at 2016-01-26 21:46:01 -0500


Started GET "/assets/users.self-877aef30ae1b040ab8a3aba4e3e309a11d7f2612f44dde450b5c157aa5f95c05.js?body=1" for 127.0.0.1 at 2016-01-26 21:46:01 -0500


Started GET "/" for 127.0.0.1 at 2016-01-26 21:46:05 -0500
Processing by StaticPagesController#root as HTML
  [1m[35mUser Load (0.2ms)[0m  SELECT  "users".* FROM "users" WHERE "users"."session_token" IS NULL LIMIT 1
Redirected to http://localhost:3000/session/new
Filter chain halted as :signed_in? rendered or redirected
Completed 302 Found in 2ms (ActiveRecord: 0.2ms)


Started GET "/session/new" for 127.0.0.1 at 2016-01-26 21:46:05 -0500
Processing by SessionsController#new as HTML
  Rendered sessions/new.html.erb within layouts/application (1.1ms)
  [1m[36mUser Load (0.2ms)[0m  [1mSELECT  "users".* FROM "users" WHERE "users"."session_token" IS NULL LIMIT 1[0m
Completed 200 OK in 60ms (Views: 59.4ms | ActiveRecord: 0.2ms)


Started POST "/session" for 127.0.0.1 at 2016-01-26 21:46:23 -0500
Processing by SessionsController#create as HTML
  Parameters: {"authenticity_token"=>"Yd3dHCO3qJNJknR6JfSkHfDAKEh1mDsUdQMy+MnjgEIDmpzn7RRNxL4P0Fj5QFEEd7xHsb1oL307KfwQBs/CUA==", "user"=>{"username"=>"christian", "password"=>"[FILTERED]"}}
  [1m[35mUser Load (0.2ms)[0m  SELECT  "users".* FROM "users" WHERE "users"."username" = ? LIMIT 1  [["username", "christian"]]
  [1m[36m (0.1ms)[0m  [1mbegin transaction[0m
  [1m[35mUser Exists (0.2ms)[0m  SELECT  1 AS one FROM "users" WHERE ("users"."username" = 'christian' AND "users"."id" != 2) LIMIT 1
  [1m[36mSQL (0.2ms)[0m  [1mUPDATE "users" SET "session_token" = ? WHERE "users"."id" = ?[0m  [["session_token", "THFz342cIJlFG6XxPZLgRA"], ["id", 2]]
  [1m[35m (31.3ms)[0m  commit transaction
Redirected to http://localhost:3000/
Completed 302 Found in 128ms (ActiveRecord: 32.0ms)


Started GET "/" for 127.0.0.1 at 2016-01-26 21:46:23 -0500
Processing by StaticPagesController#root as HTML
  [1m[36mUser Load (0.2ms)[0m  [1mSELECT  "users".* FROM "users" WHERE "users"."session_token" = ? LIMIT 1[0m  [["session_token", "THFz342cIJlFG6XxPZLgRA"]]
  Rendered static_pages/root.html.erb within layouts/application (0.4ms)
  [1m[35mCACHE (0.0ms)[0m  SELECT  "users".* FROM "users" WHERE "users"."session_token" = ? LIMIT 1  [["session_token", "THFz342cIJlFG6XxPZLgRA"]]
Completed 200 OK in 30ms (Views: 28.3ms | ActiveRecord: 0.2ms)


Started DELETE "/session" for 127.0.0.1 at 2016-01-26 21:46:29 -0500
Processing by SessionsController#destroy as HTML
  Parameters: {"authenticity_token"=>"hp9g9gfEbEll2Esv4SmbmOZekvtDrcqn402s56O8BIbk2CENyWeJHpJF7w09nW6BYSL9Aotd3s6tZ2IPbJBGlA=="}
  [1m[36mUser Load (0.1ms)[0m  [1mSELECT  "users".* FROM "users" WHERE "users"."session_token" = ? LIMIT 1[0m  [["session_token", "THFz342cIJlFG6XxPZLgRA"]]
  [1m[35m (0.1ms)[0m  begin transaction
  [1m[36mUser Exists (0.4ms)[0m  [1mSELECT  1 AS one FROM "users" WHERE ("users"."username" = 'christian' AND "users"."id" != 2) LIMIT 1[0m
  [1m[35mSQL (0.1ms)[0m  UPDATE "users" SET "session_token" = ? WHERE "users"."id" = ?  [["session_token", "ob9JhY1A4UE6SJfiPhCfdw"], ["id", 2]]
  [1m[36m (86.6ms)[0m  [1mcommit transaction[0m
Redirected to http://localhost:3000/session/new
Completed 302 Found in 92ms (ActiveRecord: 87.4ms)


Started GET "/session/new" for 127.0.0.1 at 2016-01-26 21:46:29 -0500
Processing by SessionsController#new as HTML
  Rendered sessions/new.html.erb within layouts/application (0.5ms)
  [1m[35mUser Load (0.6ms)[0m  SELECT  "users".* FROM "users" WHERE "users"."session_token" IS NULL LIMIT 1
Completed 200 OK in 17ms (Views: 15.8ms | ActiveRecord: 0.6ms)


Started POST "/session" for 127.0.0.1 at 2016-01-26 21:46:31 -0500
Processing by SessionsController#create as HTML
  Parameters: {"authenticity_token"=>"JM2+FpKuGRWDfJF7WuADHTkwUadFmv5WrM9/X/dgPcBGiv/tXA38QnThNVmGVPYEvkw+Xo1q6j/i5bG3OEx/0g==", "user"=>{"username"=>"", "password"=>"[FILTERED]"}}
  [1m[36mUser Load (0.1ms)[0m  [1mSELECT  "users".* FROM "users" WHERE "users"."username" = ? LIMIT 1[0m  [["username", ""]]
  Rendered sessions/new.html.erb within layouts/application (0.6ms)
  [1m[35mUser Load (0.1ms)[0m  SELECT  "users".* FROM "users" WHERE "users"."session_token" IS NULL LIMIT 1
Completed 200 OK in 44ms (Views: 42.0ms | ActiveRecord: 0.2ms)


Started GET "/" for 127.0.0.1 at 2016-01-26 21:46:35 -0500
Processing by StaticPagesController#root as HTML
  [1m[36mUser Load (0.1ms)[0m  [1mSELECT  "users".* FROM "users" WHERE "users"."session_token" IS NULL LIMIT 1[0m
Redirected to http://localhost:3000/session/new
Filter chain halted as :signed_in? rendered or redirected
Completed 302 Found in 2ms (ActiveRecord: 0.1ms)


Started GET "/session/new" for 127.0.0.1 at 2016-01-26 21:46:35 -0500
Processing by SessionsController#new as HTML
  Rendered sessions/new.html.erb within layouts/application (0.7ms)
  [1m[35mUser Load (0.6ms)[0m  SELECT  "users".* FROM "users" WHERE "users"."session_token" IS NULL LIMIT 1
Completed 200 OK in 37ms (Views: 36.2ms | ActiveRecord: 0.6ms)


Started POST "/session" for 127.0.0.1 at 2016-01-26 21:58:21 -0500
Processing by SessionsController#create as HTML
  Parameters: {"authenticity_token"=>"braf2y5mRSa1nLrtxWpAMv6FWzllsOtl4/3sKXnpY+cM8d4g4MWgcUIBHs8Z3rUrefk0wK1A/wyt1yLBtsUh9Q==", "user"=>{"username"=>"", "password"=>"[FILTERED]"}}
  [1m[36mUser Load (0.5ms)[0m  [1mSELECT  "users".* FROM "users" WHERE "users"."username" = ? LIMIT 1[0m  [["username", ""]]
  Rendered sessions/new.html.erb within layouts/application (0.3ms)
  [1m[35mUser Load (0.1ms)[0m  SELECT  "users".* FROM "users" WHERE "users"."session_token" IS NULL LIMIT 1
Completed 200 OK in 32ms (Views: 29.6ms | ActiveRecord: 0.6ms)


Started GET "/user/new" for 127.0.0.1 at 2016-01-26 22:00:34 -0500

ActionController::RoutingError (No route matches [GET] "/user/new"):
  actionpack (4.2.5) lib/action_dispatch/middleware/debug_exceptions.rb:21:in `call'
  web-console (2.2.1) lib/web_console/middleware.rb:39:in `call'
  actionpack (4.2.5) lib/action_dispatch/middleware/show_exceptions.rb:30:in `call'
  railties (4.2.5) lib/rails/rack/logger.rb:38:in `call_app'
  railties (4.2.5) lib/rails/rack/logger.rb:20:in `block in call'
  activesupport (4.2.5) lib/active_support/tagged_logging.rb:68:in `block in tagged'
  activesupport (4.2.5) lib/active_support/tagged_logging.rb:26:in `tagged'
  activesupport (4.2.5) lib/active_support/tagged_logging.rb:68:in `tagged'
  railties (4.2.5) lib/rails/rack/logger.rb:20:in `call'
  actionpack (4.2.5) lib/action_dispatch/middleware/request_id.rb:21:in `call'
  rack (1.6.4) lib/rack/methodoverride.rb:22:in `call'
  rack (1.6.4) lib/rack/runtime.rb:18:in `call'
  activesupport (4.2.5) lib/active_support/cache/strategy/local_cache_middleware.rb:28:in `call'
  rack (1.6.4) lib/rack/lock.rb:17:in `call'
  actionpack (4.2.5) lib/action_dispatch/middleware/static.rb:116:in `call'
  rack (1.6.4) lib/rack/sendfile.rb:113:in `call'
  railties (4.2.5) lib/rails/engine.rb:518:in `call'
  railties (4.2.5) lib/rails/application.rb:165:in `call'
  rack (1.6.4) lib/rack/lock.rb:17:in `call'
  rack (1.6.4) lib/rack/content_length.rb:15:in `call'
  rack (1.6.4) lib/rack/handler/webrick.rb:88:in `service'
  /home/christian/.rvm/rubies/ruby-2.2.3/lib/ruby/2.2.0/webrick/httpserver.rb:138:in `service'
  /home/christian/.rvm/rubies/ruby-2.2.3/lib/ruby/2.2.0/webrick/httpserver.rb:94:in `run'
  /home/christian/.rvm/rubies/ruby-2.2.3/lib/ruby/2.2.0/webrick/server.rb:294:in `block in start_thread'


  Rendered /home/christian/.rvm/gems/ruby-2.2.3/gems/actionpack-4.2.5/lib/action_dispatch/middleware/templates/rescues/_trace.html.erb (1.6ms)
  Rendered /home/christian/.rvm/gems/ruby-2.2.3/gems/actionpack-4.2.5/lib/action_dispatch/middleware/templates/routes/_route.html.erb (0.8ms)
  Rendered /home/christian/.rvm/gems/ruby-2.2.3/gems/actionpack-4.2.5/lib/action_dispatch/middleware/templates/routes/_table.html.erb (23.1ms)
  Rendered /home/christian/.rvm/gems/ruby-2.2.3/gems/actionpack-4.2.5/lib/action_dispatch/middleware/templates/rescues/_request_and_response.html.erb (1.1ms)
  Rendered /home/christian/.rvm/gems/ruby-2.2.3/gems/actionpack-4.2.5/lib/action_dispatch/middleware/templates/rescues/routing_error.html.erb within rescues/layout (54.6ms)
  Rendered /home/christian/.rvm/gems/ruby-2.2.3/gems/web-console-2.2.1/lib/web_console/templates/_markup.html.erb (0.4ms)
  Rendered /home/christian/.rvm/gems/ruby-2.2.3/gems/web-console-2.2.1/lib/web_console/templates/_inner_console_markup.html.erb within layouts/inlined_string (0.8ms)
  Rendered /home/christian/.rvm/gems/ruby-2.2.3/gems/web-console-2.2.1/lib/web_console/templates/_prompt_box_markup.html.erb within layouts/inlined_string (0.4ms)
  Rendered /home/christian/.rvm/gems/ruby-2.2.3/gems/web-console-2.2.1/lib/web_console/templates/style.css.erb within layouts/inlined_string (1.0ms)
  Rendered /home/christian/.rvm/gems/ruby-2.2.3/gems/web-console-2.2.1/lib/web_console/templates/console.js.erb within layouts/javascript (29.4ms)
  Rendered /home/christian/.rvm/gems/ruby-2.2.3/gems/web-console-2.2.1/lib/web_console/templates/main.js.erb within layouts/javascript (0.2ms)
  Rendered /home/christian/.rvm/gems/ruby-2.2.3/gems/web-console-2.2.1/lib/web_console/templates/error_page.js.erb within layouts/javascript (0.3ms)
  Rendered /home/christian/.rvm/gems/ruby-2.2.3/gems/web-console-2.2.1/lib/web_console/templates/index.html.erb (51.5ms)


Started GET "/users/new" for 127.0.0.1 at 2016-01-26 22:00:37 -0500
Processing by UsersController#new as HTML
  Rendered users/new.html.erb within layouts/application (0.7ms)
  [1m[36mUser Load (0.1ms)[0m  [1mSELECT  "users".* FROM "users" WHERE "users"."session_token" IS NULL LIMIT 1[0m
Completed 200 OK in 23ms (Views: 22.4ms | ActiveRecord: 0.1ms)


Started POST "/users" for 127.0.0.1 at 2016-01-26 22:00:43 -0500
Processing by UsersController#create as HTML
  Parameters: {"authenticity_token"=>"R7nUU2BGnSzrS9vVn5ypH9NpWB4WgfL08U/9mjxcHEkl/pWoruV4exzWf/dDKFwGVBU3595x5p2/ZTNy83BeWw==", "user"=>{"username"=>"", "password"=>"[FILTERED]"}}
  [1m[35m (0.1ms)[0m  begin transaction
  [1m[36mUser Exists (0.1ms)[0m  [1mSELECT  1 AS one FROM "users" WHERE "users"."username" = '' LIMIT 1[0m
  [1m[35m (0.0ms)[0m  rollback transaction
  Rendered users/new.html.erb within layouts/application (0.3ms)
  [1m[36mUser Load (0.1ms)[0m  [1mSELECT  "users".* FROM "users" WHERE "users"."session_token" IS NULL LIMIT 1[0m
Completed 200 OK in 133ms (Views: 14.4ms | ActiveRecord: 0.4ms)


Started GET "/users/new" for 127.0.0.1 at 2016-01-26 22:03:14 -0500
Processing by UsersController#new as HTML
  Rendered users/new.html.erb within layouts/application (2.2ms)
  [1m[35mUser Load (0.2ms)[0m  SELECT  "users".* FROM "users" WHERE "users"."session_token" IS NULL LIMIT 1
Completed 200 OK in 37ms (Views: 36.6ms | ActiveRecord: 0.2ms)


Started POST "/users" for 127.0.0.1 at 2016-01-26 22:03:16 -0500
Processing by UsersController#create as HTML
  Parameters: {"authenticity_token"=>"g/0prUJ2LGJWK786zf2tEM3tkjb/lQPN3z3bNZDKJVjhumhWjNXJNaG2GxgRSVgJSpH9zzdlF6SRFxXdX+ZnSg==", "user"=>{"username"=>"", "password"=>"[FILTERED]"}}
  [1m[36m (0.1ms)[0m  [1mbegin transaction[0m
  [1m[35mUser Exists (0.1ms)[0m  SELECT  1 AS one FROM "users" WHERE "users"."username" = '' LIMIT 1
  [1m[36m (0.0ms)[0m  [1mrollback transaction[0m
  Rendered users/new.html.erb within layouts/application (0.2ms)
  [1m[35mUser Load (0.2ms)[0m  SELECT  "users".* FROM "users" WHERE "users"."session_token" IS NULL LIMIT 1
Completed 200 OK in 114ms (Views: 13.4ms | ActiveRecord: 0.4ms)


Started GET "/users/new" for 127.0.0.1 at 2016-01-26 22:05:20 -0500
Processing by UsersController#new as HTML
  Rendered users/new.html.erb within layouts/application (2.4ms)
  [1m[36mUser Load (0.2ms)[0m  [1mSELECT  "users".* FROM "users" WHERE "users"."session_token" IS NULL LIMIT 1[0m
Completed 200 OK in 53ms (Views: 52.2ms | ActiveRecord: 0.2ms)


Started GET "/assets/application.self-13c6664f5856ba4fc4b861f2df93b8cef8fb041ebd1b40128c47f47036c36869.css?body=1" for 127.0.0.1 at 2016-01-26 22:05:20 -0500


Started POST "/users" for 127.0.0.1 at 2016-01-26 22:05:22 -0500
Processing by UsersController#create as HTML
  Parameters: {"authenticity_token"=>"H/El6+bcwYedv1+0my1pBRwhhQhcEv5OqgLYj9NbD/h9tmQQKH8k0Goi+5ZHmZwcm13q8ZTi6ifkKBZnHHdN6g==", "user"=>{"username"=>"", "password"=>"[FILTERED]"}}
  [1m[35m (0.1ms)[0m  begin transaction
  [1m[36mUser Exists (0.1ms)[0m  [1mSELECT  1 AS one FROM "users" WHERE "users"."username" = '' LIMIT 1[0m
  [1m[35m (0.0ms)[0m  rollback transaction
  Rendered users/new.html.erb within layouts/application (0.2ms)
  [1m[36mUser Load (0.3ms)[0m  [1mSELECT  "users".* FROM "users" WHERE "users"."session_token" IS NULL LIMIT 1[0m
Completed 200 OK in 101ms (Views: 16.6ms | ActiveRecord: 0.5ms)


Started POST "/users" for 127.0.0.1 at 2016-01-26 22:06:16 -0500
Processing by UsersController#create as HTML
  Parameters: {"authenticity_token"=>"H/El6+bcwYedv1+0my1pBRwhhQhcEv5OqgLYj9NbD/h9tmQQKH8k0Goi+5ZHmZwcm13q8ZTi6ifkKBZnHHdN6g==", "user"=>{"username"=>"", "password"=>"[FILTERED]"}}
  [1m[35m (0.1ms)[0m  begin transaction
  [1m[36mUser Exists (0.7ms)[0m  [1mSELECT  1 AS one FROM "users" WHERE "users"."username" = '' LIMIT 1[0m
  [1m[35m (0.1ms)[0m  rollback transaction
  Rendered users/new.html.erb within layouts/application (0.2ms)
  [1m[36mUser Load (0.3ms)[0m  [1mSELECT  "users".* FROM "users" WHERE "users"."session_token" IS NULL LIMIT 1[0m
Completed 200 OK in 136ms (Views: 42.4ms | ActiveRecord: 1.1ms)


Started GET "/assets/sessions.self-e3b0c44298fc1c149afbf4c8996fb92427ae41e4649b934ca495991b7852b855.css?body=1" for 127.0.0.1 at 2016-01-26 22:06:16 -0500


Started GET "/assets/users.self-e3b0c44298fc1c149afbf4c8996fb92427ae41e4649b934ca495991b7852b855.css?body=1" for 127.0.0.1 at 2016-01-26 22:06:17 -0500


Started GET "/assets/application.self-1a9d587a7afd4776f2ef92adb783b43d1393b626e487a8f3948e846210ca1dbb.css?body=1" for 127.0.0.1 at 2016-01-26 22:06:17 -0500


Started GET "/assets/static_pages.self-e3b0c44298fc1c149afbf4c8996fb92427ae41e4649b934ca495991b7852b855.css?body=1" for 127.0.0.1 at 2016-01-26 22:06:17 -0500


Started GET "/assets/jquery.self-c64a74367bda6ef8b860f19e74df08927ca99d2be2ac934e9e92d5fd361e0da4.js?body=1" for 127.0.0.1 at 2016-01-26 22:06:17 -0500


Started GET "/assets/jquery_ujs.self-d602bdfe68ffc63b9f9cc512872aa3cfff046228a0a36e90dd476e8ef54c1b09.js?body=1" for 127.0.0.1 at 2016-01-26 22:06:17 -0500


Started GET "/assets/bundle.self-7e6802785b885f7fd8441c3e85f3731f6104fb1184570d7deb0021e333e76af1.js?body=1" for 127.0.0.1 at 2016-01-26 22:06:17 -0500


Started GET "/assets/sessions.self-877aef30ae1b040ab8a3aba4e3e309a11d7f2612f44dde450b5c157aa5f95c05.js?body=1" for 127.0.0.1 at 2016-01-26 22:06:17 -0500


Started GET "/assets/static_pages.self-877aef30ae1b040ab8a3aba4e3e309a11d7f2612f44dde450b5c157aa5f95c05.js?body=1" for 127.0.0.1 at 2016-01-26 22:06:17 -0500


Started GET "/assets/users.self-877aef30ae1b040ab8a3aba4e3e309a11d7f2612f44dde450b5c157aa5f95c05.js?body=1" for 127.0.0.1 at 2016-01-26 22:06:17 -0500


Started GET "/assets/application.self-3b8dabdc891efe46b9a144b400ad69e37d7e5876bdc39dee783419a69d7ca819.js?body=1" for 127.0.0.1 at 2016-01-26 22:06:17 -0500


Started GET "/assets/bundle.js.map" for 127.0.0.1 at 2016-01-26 22:06:20 -0500


Started POST "/users" for 127.0.0.1 at 2016-01-26 22:10:03 -0500
Processing by UsersController#create as HTML
  Parameters: {"authenticity_token"=>"H/El6+bcwYedv1+0my1pBRwhhQhcEv5OqgLYj9NbD/h9tmQQKH8k0Goi+5ZHmZwcm13q8ZTi6ifkKBZnHHdN6g==", "user"=>{"username"=>"", "password"=>"[FILTERED]"}}
  [1m[35m (0.1ms)[0m  begin transaction
  [1m[36mUser Exists (0.1ms)[0m  [1mSELECT  1 AS one FROM "users" WHERE "users"."username" = '' LIMIT 1[0m
  [1m[35m (0.0ms)[0m  rollback transaction
  Rendered users/new.html.erb within layouts/application (0.2ms)
  [1m[36mUser Load (0.5ms)[0m  [1mSELECT  "users".* FROM "users" WHERE "users"."session_token" IS NULL LIMIT 1[0m
Completed 200 OK in 110ms (Views: 24.0ms | ActiveRecord: 0.8ms)


Started GET "/assets/application.self-458e066703969900408ee63e265814acaf3126b5a44aaadccafadb7189e59f29.css?body=1" for 127.0.0.1 at 2016-01-26 22:10:03 -0500


Started GET "/assets/sessions.self-e3b0c44298fc1c149afbf4c8996fb92427ae41e4649b934ca495991b7852b855.css?body=1" for 127.0.0.1 at 2016-01-26 22:10:03 -0500


Started GET "/assets/jquery_ujs.self-d602bdfe68ffc63b9f9cc512872aa3cfff046228a0a36e90dd476e8ef54c1b09.js?body=1" for 127.0.0.1 at 2016-01-26 22:10:03 -0500


Started GET "/assets/users.self-e3b0c44298fc1c149afbf4c8996fb92427ae41e4649b934ca495991b7852b855.css?body=1" for 127.0.0.1 at 2016-01-26 22:10:03 -0500


Started GET "/assets/static_pages.self-e3b0c44298fc1c149afbf4c8996fb92427ae41e4649b934ca495991b7852b855.css?body=1" for 127.0.0.1 at 2016-01-26 22:10:03 -0500


Started GET "/assets/jquery.self-c64a74367bda6ef8b860f19e74df08927ca99d2be2ac934e9e92d5fd361e0da4.js?body=1" for 127.0.0.1 at 2016-01-26 22:10:03 -0500


Started GET "/assets/bundle.self-7e6802785b885f7fd8441c3e85f3731f6104fb1184570d7deb0021e333e76af1.js?body=1" for 127.0.0.1 at 2016-01-26 22:10:03 -0500


Started GET "/assets/sessions.self-877aef30ae1b040ab8a3aba4e3e309a11d7f2612f44dde450b5c157aa5f95c05.js?body=1" for 127.0.0.1 at 2016-01-26 22:10:03 -0500


Started GET "/assets/static_pages.self-877aef30ae1b040ab8a3aba4e3e309a11d7f2612f44dde450b5c157aa5f95c05.js?body=1" for 127.0.0.1 at 2016-01-26 22:10:03 -0500


Started GET "/assets/users.self-877aef30ae1b040ab8a3aba4e3e309a11d7f2612f44dde450b5c157aa5f95c05.js?body=1" for 127.0.0.1 at 2016-01-26 22:10:03 -0500


Started GET "/assets/application.self-3b8dabdc891efe46b9a144b400ad69e37d7e5876bdc39dee783419a69d7ca819.js?body=1" for 127.0.0.1 at 2016-01-26 22:10:03 -0500


Started GET "/assets/bundle.js.map" for 127.0.0.1 at 2016-01-26 22:10:03 -0500


Started POST "/users" for 127.0.0.1 at 2016-01-26 22:10:29 -0500
Processing by UsersController#create as HTML
  Parameters: {"authenticity_token"=>"H/El6+bcwYedv1+0my1pBRwhhQhcEv5OqgLYj9NbD/h9tmQQKH8k0Goi+5ZHmZwcm13q8ZTi6ifkKBZnHHdN6g==", "user"=>{"username"=>"", "password"=>"[FILTERED]"}}
  [1m[35m (0.1ms)[0m  begin transaction
  [1m[36mUser Exists (0.1ms)[0m  [1mSELECT  1 AS one FROM "users" WHERE "users"."username" = '' LIMIT 1[0m
  [1m[35m (0.0ms)[0m  rollback transaction
  Rendered users/new.html.erb within layouts/application (0.2ms)
  [1m[36mUser Load (0.2ms)[0m  [1mSELECT  "users".* FROM "users" WHERE "users"."session_token" IS NULL LIMIT 1[0m
Completed 200 OK in 114ms (Views: 25.6ms | ActiveRecord: 0.5ms)


Started GET "/assets/application.self-a5fa3a1ace5a9eb64c04e0601e5a51b6aaf0cbd2609b737e2dd862d4757b08a4.css?body=1" for 127.0.0.1 at 2016-01-26 22:10:30 -0500


Started GET "/assets/sessions.self-e3b0c44298fc1c149afbf4c8996fb92427ae41e4649b934ca495991b7852b855.css?body=1" for 127.0.0.1 at 2016-01-26 22:10:30 -0500


Started GET "/assets/jquery.self-c64a74367bda6ef8b860f19e74df08927ca99d2be2ac934e9e92d5fd361e0da4.js?body=1" for 127.0.0.1 at 2016-01-26 22:10:30 -0500


Started GET "/assets/jquery_ujs.self-d602bdfe68ffc63b9f9cc512872aa3cfff046228a0a36e90dd476e8ef54c1b09.js?body=1" for 127.0.0.1 at 2016-01-26 22:10:30 -0500


Started GET "/assets/users.self-e3b0c44298fc1c149afbf4c8996fb92427ae41e4649b934ca495991b7852b855.css?body=1" for 127.0.0.1 at 2016-01-26 22:10:30 -0500


Started GET "/assets/static_pages.self-e3b0c44298fc1c149afbf4c8996fb92427ae41e4649b934ca495991b7852b855.css?body=1" for 127.0.0.1 at 2016-01-26 22:10:30 -0500


Started GET "/assets/bundle.self-7e6802785b885f7fd8441c3e85f3731f6104fb1184570d7deb0021e333e76af1.js?body=1" for 127.0.0.1 at 2016-01-26 22:10:30 -0500


Started GET "/assets/static_pages.self-877aef30ae1b040ab8a3aba4e3e309a11d7f2612f44dde450b5c157aa5f95c05.js?body=1" for 127.0.0.1 at 2016-01-26 22:10:30 -0500


Started GET "/assets/sessions.self-877aef30ae1b040ab8a3aba4e3e309a11d7f2612f44dde450b5c157aa5f95c05.js?body=1" for 127.0.0.1 at 2016-01-26 22:10:30 -0500


Started GET "/assets/users.self-877aef30ae1b040ab8a3aba4e3e309a11d7f2612f44dde450b5c157aa5f95c05.js?body=1" for 127.0.0.1 at 2016-01-26 22:10:30 -0500


Started GET "/assets/application.self-3b8dabdc891efe46b9a144b400ad69e37d7e5876bdc39dee783419a69d7ca819.js?body=1" for 127.0.0.1 at 2016-01-26 22:10:30 -0500


Started GET "/assets/bundle.js.map" for 127.0.0.1 at 2016-01-26 22:10:30 -0500


Started POST "/users" for 127.0.0.1 at 2016-01-26 22:10:45 -0500
Processing by UsersController#create as HTML
  Parameters: {"authenticity_token"=>"caYQ4kbUfsfBh3QqWjekjAo1crY6tK6TWr+q7SSisR8T4VEZiHebkDYa0AiGg1GVjUkdT/JEuvoUlWQF647zDQ==", "user"=>{"username"=>"christian", "password"=>"[FILTERED]"}}
  [1m[35m (0.1ms)[0m  begin transaction
  [1m[36mUser Exists (0.1ms)[0m  [1mSELECT  1 AS one FROM "users" WHERE "users"."username" = 'christian' LIMIT 1[0m
  [1m[35m (10.7ms)[0m  rollback transaction
  Rendered users/new.html.erb within layouts/application (0.3ms)
  [1m[36mUser Load (0.2ms)[0m  [1mSELECT  "users".* FROM "users" WHERE "users"."session_token" IS NULL LIMIT 1[0m
Completed 200 OK in 121ms (Views: 17.9ms | ActiveRecord: 11.1ms)


Started GET "/assets/bundle.js.map" for 127.0.0.1 at 2016-01-26 22:10:45 -0500


Started GET "/session/new" for 127.0.0.1 at 2016-01-26 22:10:56 -0500
Processing by SessionsController#new as HTML
  Rendered sessions/new.html.erb within layouts/application (1.2ms)
  [1m[35mUser Load (0.1ms)[0m  SELECT  "users".* FROM "users" WHERE "users"."session_token" IS NULL LIMIT 1
Completed 200 OK in 27ms (Views: 26.3ms | ActiveRecord: 0.1ms)


Started GET "/assets/bundle.js.map" for 127.0.0.1 at 2016-01-26 22:10:56 -0500


Started GET "/session/new" for 127.0.0.1 at 2016-01-26 22:11:06 -0500
Processing by SessionsController#new as HTML
  Rendered sessions/new.html.erb within layouts/application (0.4ms)
  [1m[36mUser Load (0.4ms)[0m  [1mSELECT  "users".* FROM "users" WHERE "users"."session_token" IS NULL LIMIT 1[0m
Completed 200 OK in 31ms (Views: 30.6ms | ActiveRecord: 0.4ms)


Started GET "/assets/sessions.self-e3b0c44298fc1c149afbf4c8996fb92427ae41e4649b934ca495991b7852b855.css?body=1" for 127.0.0.1 at 2016-01-26 22:11:06 -0500


Started GET "/assets/static_pages.self-e3b0c44298fc1c149afbf4c8996fb92427ae41e4649b934ca495991b7852b855.css?body=1" for 127.0.0.1 at 2016-01-26 22:11:06 -0500


Started GET "/assets/jquery.self-c64a74367bda6ef8b860f19e74df08927ca99d2be2ac934e9e92d5fd361e0da4.js?body=1" for 127.0.0.1 at 2016-01-26 22:11:06 -0500


Started GET "/assets/jquery_ujs.self-d602bdfe68ffc63b9f9cc512872aa3cfff046228a0a36e90dd476e8ef54c1b09.js?body=1" for 127.0.0.1 at 2016-01-26 22:11:06 -0500


Started GET "/assets/application.self-4e7e5b2a2d0172c2a1b2e148257e931695a8a7969b4fe1eb7fe12c15bd01edd6.css?body=1" for 127.0.0.1 at 2016-01-26 22:11:06 -0500


Started GET "/assets/users.self-e3b0c44298fc1c149afbf4c8996fb92427ae41e4649b934ca495991b7852b855.css?body=1" for 127.0.0.1 at 2016-01-26 22:11:06 -0500


Started GET "/assets/sessions.self-877aef30ae1b040ab8a3aba4e3e309a11d7f2612f44dde450b5c157aa5f95c05.js?body=1" for 127.0.0.1 at 2016-01-26 22:11:06 -0500


Started GET "/assets/bundle.self-7e6802785b885f7fd8441c3e85f3731f6104fb1184570d7deb0021e333e76af1.js?body=1" for 127.0.0.1 at 2016-01-26 22:11:06 -0500


Started GET "/assets/static_pages.self-877aef30ae1b040ab8a3aba4e3e309a11d7f2612f44dde450b5c157aa5f95c05.js?body=1" for 127.0.0.1 at 2016-01-26 22:11:06 -0500


Started GET "/assets/users.self-877aef30ae1b040ab8a3aba4e3e309a11d7f2612f44dde450b5c157aa5f95c05.js?body=1" for 127.0.0.1 at 2016-01-26 22:11:06 -0500


Started GET "/assets/application.self-3b8dabdc891efe46b9a144b400ad69e37d7e5876bdc39dee783419a69d7ca819.js?body=1" for 127.0.0.1 at 2016-01-26 22:11:06 -0500


Started GET "/assets/bundle.js.map" for 127.0.0.1 at 2016-01-26 22:11:06 -0500


Started POST "/session" for 127.0.0.1 at 2016-01-26 22:11:31 -0500
Processing by SessionsController#create as HTML
  Parameters: {"authenticity_token"=>"YtW5IxC4s9DoTyjMZFY0zjfmx1CFBCP9nphEu9PuEyEAkvjY3htWhx/SjO644sHXsJqoqU30N5TQsopTHMJRMw==", "user"=>{"username"=>"", "password"=>"[FILTERED]"}}
  [1m[35mUser Load (0.1ms)[0m  SELECT  "users".* FROM "users" WHERE "users"."username" = ? LIMIT 1  [["username", ""]]
  Rendered sessions/new.html.erb within layouts/application (0.3ms)
  [1m[36mUser Load (0.2ms)[0m  [1mSELECT  "users".* FROM "users" WHERE "users"."session_token" IS NULL LIMIT 1[0m
Completed 200 OK in 21ms (Views: 20.2ms | ActiveRecord: 0.3ms)


Started GET "/assets/bundle.js.map" for 127.0.0.1 at 2016-01-26 22:11:31 -0500


Started POST "/session" for 127.0.0.1 at 2016-01-26 22:11:42 -0500
Processing by SessionsController#create as HTML
  Parameters: {"authenticity_token"=>"1SRe4L/P6NtzPdw6hBEJ/vMBU83laF0k67FbeO985zi3Yx8bcWwNjISgeBhYpfzndH08NC2YSU2lm5WQIFClKg==", "user"=>{"username"=>"christian", "password"=>"[FILTERED]"}}
  [1m[35mUser Load (0.2ms)[0m  SELECT  "users".* FROM "users" WHERE "users"."username" = ? LIMIT 1  [["username", "christian"]]
  [1m[36m (0.1ms)[0m  [1mbegin transaction[0m
  [1m[35mUser Exists (0.3ms)[0m  SELECT  1 AS one FROM "users" WHERE ("users"."username" = 'christian' AND "users"."id" != 2) LIMIT 1
  [1m[36mSQL (0.2ms)[0m  [1mUPDATE "users" SET "session_token" = ? WHERE "users"."id" = ?[0m  [["session_token", "eT_tZqLnVSUU4MGPFxdQtg"], ["id", 2]]
  [1m[35m (34.0ms)[0m  commit transaction
Redirected to http://localhost:3000/
Completed 302 Found in 159ms (ActiveRecord: 34.8ms)


Started GET "/" for 127.0.0.1 at 2016-01-26 22:11:42 -0500
Processing by StaticPagesController#root as HTML
  [1m[36mUser Load (0.2ms)[0m  [1mSELECT  "users".* FROM "users" WHERE "users"."session_token" = ? LIMIT 1[0m  [["session_token", "eT_tZqLnVSUU4MGPFxdQtg"]]
  Rendered static_pages/root.html.erb within layouts/application (0.0ms)
  [1m[35mCACHE (0.0ms)[0m  SELECT  "users".* FROM "users" WHERE "users"."session_token" = ? LIMIT 1  [["session_token", "eT_tZqLnVSUU4MGPFxdQtg"]]
Completed 200 OK in 25ms (Views: 22.6ms | ActiveRecord: 0.2ms)


Started GET "/assets/bundle.js.map" for 127.0.0.1 at 2016-01-26 22:11:42 -0500


Started DELETE "/session" for 127.0.0.1 at 2016-01-26 22:11:45 -0500
Processing by SessionsController#destroy as HTML
  Parameters: {"authenticity_token"=>"X16aSfEQLgD7/Vf7ydGyjkjBkbam6HHgY5hftftHSaI9GduyP7PLVwxg89kVZUeXz73+T24YZYktspFdNGsLsA=="}
  [1m[36mUser Load (0.1ms)[0m  [1mSELECT  "users".* FROM "users" WHERE "users"."session_token" = ? LIMIT 1[0m  [["session_token", "eT_tZqLnVSUU4MGPFxdQtg"]]
  [1m[35m (0.1ms)[0m  begin transaction
  [1m[36mUser Exists (0.1ms)[0m  [1mSELECT  1 AS one FROM "users" WHERE ("users"."username" = 'christian' AND "users"."id" != 2) LIMIT 1[0m
  [1m[35mSQL (0.1ms)[0m  UPDATE "users" SET "session_token" = ? WHERE "users"."id" = ?  [["session_token", "PBcxaTiA6l4HkmujKd3Hnw"], ["id", 2]]
  [1m[36m (12.5ms)[0m  [1mcommit transaction[0m
Redirected to http://localhost:3000/session/new
Completed 302 Found in 15ms (ActiveRecord: 12.8ms)


Started GET "/session/new" for 127.0.0.1 at 2016-01-26 22:11:45 -0500
Processing by SessionsController#new as HTML
  Rendered sessions/new.html.erb within layouts/application (0.5ms)
  [1m[35mUser Load (0.3ms)[0m  SELECT  "users".* FROM "users" WHERE "users"."session_token" IS NULL LIMIT 1
Completed 200 OK in 20ms (Views: 19.2ms | ActiveRecord: 0.3ms)


Started GET "/assets/bundle.js.map" for 127.0.0.1 at 2016-01-26 22:11:45 -0500


Started GET "/users/new" for 127.0.0.1 at 2016-01-26 22:12:03 -0500
Processing by UsersController#new as HTML
  Rendered users/new.html.erb within layouts/application (0.5ms)
  [1m[36mUser Load (0.2ms)[0m  [1mSELECT  "users".* FROM "users" WHERE "users"."session_token" IS NULL LIMIT 1[0m
Completed 200 OK in 28ms (Views: 27.0ms | ActiveRecord: 0.2ms)


Started GET "/users/new" for 127.0.0.1 at 2016-01-26 22:12:03 -0500
Processing by UsersController#new as HTML
  Rendered users/new.html.erb within layouts/application (2.4ms)
  [1m[35mUser Load (0.1ms)[0m  SELECT  "users".* FROM "users" WHERE "users"."session_token" IS NULL LIMIT 1
Completed 200 OK in 22ms (Views: 21.2ms | ActiveRecord: 0.1ms)


Started GET "/assets/bundle.js.map" for 127.0.0.1 at 2016-01-26 22:12:03 -0500


Started GET "/users/new" for 127.0.0.1 at 2016-01-26 22:13:08 -0500
Processing by UsersController#new as HTML
  Rendered users/new.html.erb within layouts/application (2.2ms)
  [1m[36mUser Load (0.7ms)[0m  [1mSELECT  "users".* FROM "users" WHERE "users"."session_token" IS NULL LIMIT 1[0m
Completed 200 OK in 56ms (Views: 54.6ms | ActiveRecord: 0.7ms)


Started GET "/assets/application.self-fb5f64f90a97460ef8c0a59b3be0b3cb091c1dcd49b87b8978e3cbecd3b33c70.css?body=1" for 127.0.0.1 at 2016-01-26 22:13:08 -0500


Started GET "/assets/sessions.self-e3b0c44298fc1c149afbf4c8996fb92427ae41e4649b934ca495991b7852b855.css?body=1" for 127.0.0.1 at 2016-01-26 22:13:08 -0500


Started GET "/assets/jquery_ujs.self-d602bdfe68ffc63b9f9cc512872aa3cfff046228a0a36e90dd476e8ef54c1b09.js?body=1" for 127.0.0.1 at 2016-01-26 22:13:08 -0500


Started GET "/assets/jquery.self-c64a74367bda6ef8b860f19e74df08927ca99d2be2ac934e9e92d5fd361e0da4.js?body=1" for 127.0.0.1 at 2016-01-26 22:13:08 -0500


Started GET "/assets/static_pages.self-e3b0c44298fc1c149afbf4c8996fb92427ae41e4649b934ca495991b7852b855.css?body=1" for 127.0.0.1 at 2016-01-26 22:13:08 -0500


Started GET "/assets/users.self-e3b0c44298fc1c149afbf4c8996fb92427ae41e4649b934ca495991b7852b855.css?body=1" for 127.0.0.1 at 2016-01-26 22:13:08 -0500


Started GET "/assets/bundle.self-7e6802785b885f7fd8441c3e85f3731f6104fb1184570d7deb0021e333e76af1.js?body=1" for 127.0.0.1 at 2016-01-26 22:13:08 -0500


Started GET "/assets/sessions.self-877aef30ae1b040ab8a3aba4e3e309a11d7f2612f44dde450b5c157aa5f95c05.js?body=1" for 127.0.0.1 at 2016-01-26 22:13:08 -0500


Started GET "/assets/static_pages.self-877aef30ae1b040ab8a3aba4e3e309a11d7f2612f44dde450b5c157aa5f95c05.js?body=1" for 127.0.0.1 at 2016-01-26 22:13:08 -0500


Started GET "/assets/users.self-877aef30ae1b040ab8a3aba4e3e309a11d7f2612f44dde450b5c157aa5f95c05.js?body=1" for 127.0.0.1 at 2016-01-26 22:13:08 -0500


Started GET "/assets/application.self-3b8dabdc891efe46b9a144b400ad69e37d7e5876bdc39dee783419a69d7ca819.js?body=1" for 127.0.0.1 at 2016-01-26 22:13:08 -0500


Started GET "/assets/bundle.js.map" for 127.0.0.1 at 2016-01-26 22:13:09 -0500


Started POST "/users" for 127.0.0.1 at 2016-01-26 22:13:11 -0500
Processing by UsersController#create as HTML
  Parameters: {"authenticity_token"=>"puuvKgdIFQFGtwCCq2Kzw2grLm9fGN2VPI2fi0nqvxTErO7RyevwVrEqpKB31kba71dBlpfoyfxyp1Fjhsb9Bg==", "user"=>{"username"=>"", "password"=>"[FILTERED]"}}
  [1m[35m (0.1ms)[0m  begin transaction
  [1m[36mUser Exists (0.1ms)[0m  [1mSELECT  1 AS one FROM "users" WHERE "users"."username" = '' LIMIT 1[0m
  [1m[35m (0.0ms)[0m  rollback transaction
  Rendered users/new.html.erb within layouts/application (0.2ms)
  [1m[36mUser Load (0.1ms)[0m  [1mSELECT  "users".* FROM "users" WHERE "users"."session_token" IS NULL LIMIT 1[0m
Completed 200 OK in 99ms (Views: 13.7ms | ActiveRecord: 0.4ms)


Started GET "/assets/bundle.js.map" for 127.0.0.1 at 2016-01-26 22:13:12 -0500


Started GET "/users/new" for 127.0.0.1 at 2016-01-26 22:17:00 -0500
Processing by UsersController#new as HTML
  Rendered users/new.html.erb within layouts/application (1.2ms)
  [1m[35mUser Load (0.2ms)[0m  SELECT  "users".* FROM "users" WHERE "users"."session_token" IS NULL LIMIT 1
Completed 200 OK in 29ms (Views: 28.2ms | ActiveRecord: 0.2ms)


Started GET "/assets/application.self-75cd4be506a88f18c78f548860892c2697d2c75a6beaf8278dfe84f225bce758.css?body=1" for 127.0.0.1 at 2016-01-26 22:17:00 -0500


Started GET "/users/new" for 127.0.0.1 at 2016-01-26 22:17:00 -0500
Processing by UsersController#new as HTML
  Rendered users/new.html.erb within layouts/application (0.7ms)
  [1m[36mUser Load (0.1ms)[0m  [1mSELECT  "users".* FROM "users" WHERE "users"."session_token" IS NULL LIMIT 1[0m
Completed 200 OK in 25ms (Views: 24.2ms | ActiveRecord: 0.1ms)


Started GET "/assets/bundle.js.map" for 127.0.0.1 at 2016-01-26 22:17:00 -0500


Started POST "/users" for 127.0.0.1 at 2016-01-26 22:17:03 -0500
Processing by UsersController#create as HTML
  Parameters: {"authenticity_token"=>"BqSqVawwkCwLek5kXDBGsGgDKS5sxWlmim5JAS1webBk4+uuYpN1e/zn6kaAhLOp739G16Q1fQ/ERIfp4lw7og==", "user"=>{"username"=>"", "password"=>"[FILTERED]"}}
  [1m[35m (0.3ms)[0m  begin transaction
  [1m[36mUser Exists (0.1ms)[0m  [1mSELECT  1 AS one FROM "users" WHERE "users"."username" = '' LIMIT 1[0m
  [1m[35m (0.1ms)[0m  rollback transaction
  Rendered users/new.html.erb within layouts/application (0.2ms)
  [1m[36mUser Load (0.2ms)[0m  [1mSELECT  "users".* FROM "users" WHERE "users"."session_token" IS NULL LIMIT 1[0m
Completed 200 OK in 111ms (Views: 18.7ms | ActiveRecord: 0.7ms)


Started GET "/assets/bundle.js.map" for 127.0.0.1 at 2016-01-26 22:17:04 -0500


Started GET "/users/new" for 127.0.0.1 at 2016-01-26 22:17:17 -0500
Processing by UsersController#new as HTML
  Rendered users/new.html.erb within layouts/application (0.5ms)
  [1m[35mUser Load (0.1ms)[0m  SELECT  "users".* FROM "users" WHERE "users"."session_token" IS NULL LIMIT 1
Completed 200 OK in 17ms (Views: 16.4ms | ActiveRecord: 0.1ms)


Started GET "/users/new" for 127.0.0.1 at 2016-01-26 22:17:18 -0500
Processing by UsersController#new as HTML
  Rendered users/new.html.erb within layouts/application (0.9ms)
  [1m[36mUser Load (0.8ms)[0m  [1mSELECT  "users".* FROM "users" WHERE "users"."session_token" IS NULL LIMIT 1[0m
Completed 200 OK in 26ms (Views: 24.5ms | ActiveRecord: 0.8ms)


Started GET "/assets/bundle.js.map" for 127.0.0.1 at 2016-01-26 22:17:18 -0500


Started GET "/users/new" for 127.0.0.1 at 2016-01-26 22:17:27 -0500
Processing by UsersController#new as HTML
  Rendered users/new.html.erb within layouts/application (1.7ms)
  [1m[35mUser Load (0.7ms)[0m  SELECT  "users".* FROM "users" WHERE "users"."session_token" IS NULL LIMIT 1
Completed 200 OK in 23ms (Views: 21.5ms | ActiveRecord: 0.7ms)


Started GET "/assets/sessions.self-e3b0c44298fc1c149afbf4c8996fb92427ae41e4649b934ca495991b7852b855.css?body=1" for 127.0.0.1 at 2016-01-26 22:17:27 -0500


Started GET "/assets/static_pages.self-e3b0c44298fc1c149afbf4c8996fb92427ae41e4649b934ca495991b7852b855.css?body=1" for 127.0.0.1 at 2016-01-26 22:17:27 -0500


Started GET "/assets/jquery_ujs.self-d602bdfe68ffc63b9f9cc512872aa3cfff046228a0a36e90dd476e8ef54c1b09.js?body=1" for 127.0.0.1 at 2016-01-26 22:17:27 -0500


Started GET "/assets/jquery.self-c64a74367bda6ef8b860f19e74df08927ca99d2be2ac934e9e92d5fd361e0da4.js?body=1" for 127.0.0.1 at 2016-01-26 22:17:27 -0500


Started GET "/assets/users.self-e3b0c44298fc1c149afbf4c8996fb92427ae41e4649b934ca495991b7852b855.css?body=1" for 127.0.0.1 at 2016-01-26 22:17:27 -0500


Started GET "/assets/sessions.self-877aef30ae1b040ab8a3aba4e3e309a11d7f2612f44dde450b5c157aa5f95c05.js?body=1" for 127.0.0.1 at 2016-01-26 22:17:27 -0500


Started GET "/assets/application.self-a5fa3a1ace5a9eb64c04e0601e5a51b6aaf0cbd2609b737e2dd862d4757b08a4.css?body=1" for 127.0.0.1 at 2016-01-26 22:17:27 -0500


Started GET "/assets/bundle.self-7e6802785b885f7fd8441c3e85f3731f6104fb1184570d7deb0021e333e76af1.js?body=1" for 127.0.0.1 at 2016-01-26 22:17:27 -0500


Started GET "/assets/users.self-877aef30ae1b040ab8a3aba4e3e309a11d7f2612f44dde450b5c157aa5f95c05.js?body=1" for 127.0.0.1 at 2016-01-26 22:17:27 -0500


Started GET "/assets/static_pages.self-877aef30ae1b040ab8a3aba4e3e309a11d7f2612f44dde450b5c157aa5f95c05.js?body=1" for 127.0.0.1 at 2016-01-26 22:17:27 -0500


Started GET "/assets/application.self-3b8dabdc891efe46b9a144b400ad69e37d7e5876bdc39dee783419a69d7ca819.js?body=1" for 127.0.0.1 at 2016-01-26 22:17:27 -0500


Started GET "/assets/bundle.js.map" for 127.0.0.1 at 2016-01-26 22:17:27 -0500


Started POST "/users" for 127.0.0.1 at 2016-01-26 22:17:31 -0500
Processing by UsersController#create as HTML
  Parameters: {"authenticity_token"=>"bnj8F50XfVtgFfxQkJGcsM2j8MjGF8Vw1egcvai9nxUMP73sU7SYDJeIWHJMJWmpSt+fMQ7n0RmbwtJVZ5HdBw==", "user"=>{"username"=>"", "password"=>"[FILTERED]"}}
  [1m[36m (0.1ms)[0m  [1mbegin transaction[0m
  [1m[35mUser Exists (0.8ms)[0m  SELECT  1 AS one FROM "users" WHERE "users"."username" = '' LIMIT 1
  [1m[36m (0.1ms)[0m  [1mrollback transaction[0m
  Rendered users/new.html.erb within layouts/application (0.2ms)
  [1m[35mUser Load (0.1ms)[0m  SELECT  "users".* FROM "users" WHERE "users"."session_token" IS NULL LIMIT 1
Completed 200 OK in 102ms (Views: 13.1ms | ActiveRecord: 1.1ms)


Started GET "/assets/bundle.js.map" for 127.0.0.1 at 2016-01-26 22:17:32 -0500


Started GET "/session/new" for 127.0.0.1 at 2016-01-26 22:17:47 -0500
Processing by SessionsController#new as HTML
  Rendered sessions/new.html.erb within layouts/application (0.5ms)
  [1m[36mUser Load (0.1ms)[0m  [1mSELECT  "users".* FROM "users" WHERE "users"."session_token" IS NULL LIMIT 1[0m
Completed 200 OK in 20ms (Views: 19.2ms | ActiveRecord: 0.1ms)


Started GET "/assets/bundle.js.map" for 127.0.0.1 at 2016-01-26 22:17:48 -0500


Started GET "/users/new" for 127.0.0.1 at 2016-01-26 22:17:57 -0500
Processing by UsersController#new as HTML
  Rendered users/new.html.erb within layouts/application (0.5ms)
  [1m[35mUser Load (0.1ms)[0m  SELECT  "users".* FROM "users" WHERE "users"."session_token" IS NULL LIMIT 1
Completed 200 OK in 21ms (Views: 20.3ms | ActiveRecord: 0.1ms)


Started GET "/users/new" for 127.0.0.1 at 2016-01-26 22:17:57 -0500
Processing by UsersController#new as HTML
  Rendered users/new.html.erb within layouts/application (0.4ms)
  [1m[36mUser Load (0.1ms)[0m  [1mSELECT  "users".* FROM "users" WHERE "users"."session_token" IS NULL LIMIT 1[0m
Completed 200 OK in 23ms (Views: 21.2ms | ActiveRecord: 0.1ms)


Started GET "/assets/bundle.js.map" for 127.0.0.1 at 2016-01-26 22:17:57 -0500


Started GET "/users/new" for 127.0.0.1 at 2016-01-26 22:18:15 -0500
Processing by UsersController#new as HTML
  Rendered users/new.html.erb within layouts/application (0.7ms)
  [1m[35mUser Load (0.1ms)[0m  SELECT  "users".* FROM "users" WHERE "users"."session_token" IS NULL LIMIT 1
Completed 200 OK in 22ms (Views: 21.6ms | ActiveRecord: 0.1ms)


Started GET "/assets/sessions.self-e3b0c44298fc1c149afbf4c8996fb92427ae41e4649b934ca495991b7852b855.css?body=1" for 127.0.0.1 at 2016-01-26 22:18:15 -0500


Started GET "/assets/static_pages.self-e3b0c44298fc1c149afbf4c8996fb92427ae41e4649b934ca495991b7852b855.css?body=1" for 127.0.0.1 at 2016-01-26 22:18:15 -0500


Started GET "/assets/application.self-a5fa3a1ace5a9eb64c04e0601e5a51b6aaf0cbd2609b737e2dd862d4757b08a4.css?body=1" for 127.0.0.1 at 2016-01-26 22:18:15 -0500


Started GET "/assets/jquery.self-c64a74367bda6ef8b860f19e74df08927ca99d2be2ac934e9e92d5fd361e0da4.js?body=1" for 127.0.0.1 at 2016-01-26 22:18:15 -0500


Started GET "/assets/bundle.self-7e6802785b885f7fd8441c3e85f3731f6104fb1184570d7deb0021e333e76af1.js?body=1" for 127.0.0.1 at 2016-01-26 22:18:15 -0500


Started GET "/assets/jquery_ujs.self-d602bdfe68ffc63b9f9cc512872aa3cfff046228a0a36e90dd476e8ef54c1b09.js?body=1" for 127.0.0.1 at 2016-01-26 22:18:15 -0500


Started GET "/assets/sessions.self-877aef30ae1b040ab8a3aba4e3e309a11d7f2612f44dde450b5c157aa5f95c05.js?body=1" for 127.0.0.1 at 2016-01-26 22:18:15 -0500


Started GET "/assets/users.self-e3b0c44298fc1c149afbf4c8996fb92427ae41e4649b934ca495991b7852b855.css?body=1" for 127.0.0.1 at 2016-01-26 22:18:15 -0500


Started GET "/assets/static_pages.self-877aef30ae1b040ab8a3aba4e3e309a11d7f2612f44dde450b5c157aa5f95c05.js?body=1" for 127.0.0.1 at 2016-01-26 22:18:15 -0500


Started GET "/assets/users.self-877aef30ae1b040ab8a3aba4e3e309a11d7f2612f44dde450b5c157aa5f95c05.js?body=1" for 127.0.0.1 at 2016-01-26 22:18:15 -0500


Started GET "/assets/application.self-3b8dabdc891efe46b9a144b400ad69e37d7e5876bdc39dee783419a69d7ca819.js?body=1" for 127.0.0.1 at 2016-01-26 22:18:15 -0500


Started GET "/assets/bundle.js.map" for 127.0.0.1 at 2016-01-26 22:18:15 -0500


Started GET "/session/new" for 127.0.0.1 at 2016-01-26 22:18:19 -0500
Processing by SessionsController#new as HTML
  Rendered sessions/new.html.erb within layouts/application (0.9ms)
  [1m[36mUser Load (0.2ms)[0m  [1mSELECT  "users".* FROM "users" WHERE "users"."session_token" IS NULL LIMIT 1[0m
Completed 200 OK in 25ms (Views: 25.0ms | ActiveRecord: 0.2ms)


Started GET "/assets/bundle.js.map" for 127.0.0.1 at 2016-01-26 22:18:19 -0500


Started POST "/session" for 127.0.0.1 at 2016-01-26 22:18:24 -0500
Processing by SessionsController#create as HTML
  Parameters: {"authenticity_token"=>"pJmwo4Vi6XOM4IKveL4vXbRkKx+2IAdNoI9nvfBJeW7G3vFYS8EMJHt9Jo2kCtpEMxhE5n7QEyTupalVP2U7fA==", "user"=>{"username"=>"", "password"=>"[FILTERED]"}}
  [1m[35mUser Load (0.2ms)[0m  SELECT  "users".* FROM "users" WHERE "users"."username" = ? LIMIT 1  [["username", ""]]
  Rendered sessions/new.html.erb within layouts/application (1.2ms)
  [1m[36mUser Load (0.1ms)[0m  [1mSELECT  "users".* FROM "users" WHERE "users"."session_token" IS NULL LIMIT 1[0m
Completed 200 OK in 31ms (Views: 27.8ms | ActiveRecord: 0.3ms)


Started GET "/assets/bundle.js.map" for 127.0.0.1 at 2016-01-26 22:18:24 -0500


Started POST "/session" for 127.0.0.1 at 2016-01-26 22:18:37 -0500
Processing by SessionsController#create as HTML
  Parameters: {"authenticity_token"=>"QCrdJSFY/zJrSnaIcIrhAhvtd1B/tuok6y/Ry+z3mRIibZze7/saZZzX0qqsPhQbnJEYqbdG/k2lBR8jI9vbAA==", "user"=>{"username"=>"christian", "password"=>"[FILTERED]"}}
  [1m[35mUser Load (0.2ms)[0m  SELECT  "users".* FROM "users" WHERE "users"."username" = ? LIMIT 1  [["username", "christian"]]
  [1m[36m (0.6ms)[0m  [1mbegin transaction[0m
  [1m[35mUser Exists (0.1ms)[0m  SELECT  1 AS one FROM "users" WHERE ("users"."username" = 'christian' AND "users"."id" != 2) LIMIT 1
  [1m[36mSQL (0.1ms)[0m  [1mUPDATE "users" SET "session_token" = ? WHERE "users"."id" = ?[0m  [["session_token", "YQfwq3njatBtsv7JhkTAxQ"], ["id", 2]]
  [1m[35m (154.3ms)[0m  commit transaction
Redirected to http://localhost:3000/
Completed 302 Found in 244ms (ActiveRecord: 155.3ms)


Started GET "/" for 127.0.0.1 at 2016-01-26 22:18:37 -0500
Processing by StaticPagesController#root as HTML
  [1m[36mUser Load (0.1ms)[0m  [1mSELECT  "users".* FROM "users" WHERE "users"."session_token" = ? LIMIT 1[0m  [["session_token", "YQfwq3njatBtsv7JhkTAxQ"]]
  Rendered static_pages/root.html.erb within layouts/application (0.0ms)
  [1m[35mCACHE (0.0ms)[0m  SELECT  "users".* FROM "users" WHERE "users"."session_token" = ? LIMIT 1  [["session_token", "YQfwq3njatBtsv7JhkTAxQ"]]
Completed 200 OK in 14ms (Views: 13.3ms | ActiveRecord: 0.1ms)


Started GET "/assets/bundle.js.map" for 127.0.0.1 at 2016-01-26 22:18:37 -0500


Started DELETE "/session" for 127.0.0.1 at 2016-01-26 22:18:40 -0500
Processing by SessionsController#destroy as HTML
  Parameters: {"authenticity_token"=>"LJ3aJHe/MQLGfqZgS0+dAqlHYXj7rPwTWYnTCjAQtLZO2pvfuRzUVTHjAkKX+2gbLjsOgTNc6HoXox3i/zz2pA=="}
  [1m[36mUser Load (0.2ms)[0m  [1mSELECT  "users".* FROM "users" WHERE "users"."session_token" = ? LIMIT 1[0m  [["session_token", "YQfwq3njatBtsv7JhkTAxQ"]]
  [1m[35m (0.1ms)[0m  begin transaction
  [1m[36mUser Exists (0.3ms)[0m  [1mSELECT  1 AS one FROM "users" WHERE ("users"."username" = 'christian' AND "users"."id" != 2) LIMIT 1[0m
  [1m[35mSQL (0.2ms)[0m  UPDATE "users" SET "session_token" = ? WHERE "users"."id" = ?  [["session_token", "B22f8yB5Sg2JkUiPTb-UMA"], ["id", 2]]
  [1m[36m (15.9ms)[0m  [1mcommit transaction[0m
Redirected to http://localhost:3000/session/new
Completed 302 Found in 22ms (ActiveRecord: 16.7ms)


Started GET "/session/new" for 127.0.0.1 at 2016-01-26 22:18:40 -0500
Processing by SessionsController#new as HTML
  Rendered sessions/new.html.erb within layouts/application (0.6ms)
  [1m[35mUser Load (0.6ms)[0m  SELECT  "users".* FROM "users" WHERE "users"."session_token" IS NULL LIMIT 1
Completed 200 OK in 24ms (Views: 22.9ms | ActiveRecord: 0.6ms)


Started GET "/assets/bundle.js.map" for 127.0.0.1 at 2016-01-26 22:18:40 -0500


Started GET "/users/new" for 127.0.0.1 at 2016-01-26 22:18:50 -0500
Processing by UsersController#new as HTML
  Rendered users/new.html.erb within layouts/application (0.5ms)
  [1m[36mUser Load (0.2ms)[0m  [1mSELECT  "users".* FROM "users" WHERE "users"."session_token" IS NULL LIMIT 1[0m
Completed 200 OK in 22ms (Views: 21.3ms | ActiveRecord: 0.2ms)


Started GET "/users/new" for 127.0.0.1 at 2016-01-26 22:18:50 -0500
Processing by UsersController#new as HTML
  Rendered users/new.html.erb within layouts/application (0.7ms)
  [1m[35mUser Load (0.2ms)[0m  SELECT  "users".* FROM "users" WHERE "users"."session_token" IS NULL LIMIT 1
Completed 200 OK in 25ms (Views: 23.9ms | ActiveRecord: 0.2ms)


Started GET "/assets/bundle.js.map" for 127.0.0.1 at 2016-01-26 22:18:51 -0500


Started POST "/users" for 127.0.0.1 at 2016-01-26 22:18:54 -0500
Processing by UsersController#create as HTML
  Parameters: {"authenticity_token"=>"MFoUJ+P4NTuKbGnhlJlejWN6EWbJl66a+JhTmBsS50tSHVXcLVvQbH3xzcNILauU5AZ+nwFnuvO2sp1w1D6lWQ==", "user"=>{"username"=>"asfasf", "password"=>"[FILTERED]"}}
  [1m[36m (0.1ms)[0m  [1mbegin transaction[0m
  [1m[35mUser Exists (0.1ms)[0m  SELECT  1 AS one FROM "users" WHERE "users"."username" = 'asfasf' LIMIT 1
  [1m[36m (0.1ms)[0m  [1mrollback transaction[0m
  Rendered users/new.html.erb within layouts/application (0.3ms)
  [1m[35mUser Load (0.1ms)[0m  SELECT  "users".* FROM "users" WHERE "users"."session_token" IS NULL LIMIT 1
Completed 200 OK in 109ms (Views: 22.8ms | ActiveRecord: 0.4ms)


Started GET "/assets/bundle.js.map" for 127.0.0.1 at 2016-01-26 22:18:54 -0500


Started POST "/users" for 127.0.0.1 at 2016-01-26 22:19:04 -0500
Processing by UsersController#create as HTML
  Parameters: {"authenticity_token"=>"eCdlkd1Jwshf3cnjBs+LhvzKSqQ5EtbxVF6fRUQ4080aYCRqE+onn6hAbcHae36fe7YlXfHiwpgadFGtixSR3w==", "user"=>{"username"=>"christian", "password"=>"[FILTERED]"}}
  [1m[36m (0.1ms)[0m  [1mbegin transaction[0m
  [1m[35mUser Exists (0.1ms)[0m  SELECT  1 AS one FROM "users" WHERE "users"."username" = 'christian' LIMIT 1
  [1m[36m (0.1ms)[0m  [1mrollback transaction[0m
  Rendered users/new.html.erb within layouts/application (0.7ms)
  [1m[35mUser Load (0.1ms)[0m  SELECT  "users".* FROM "users" WHERE "users"."session_token" IS NULL LIMIT 1
Completed 200 OK in 128ms (Views: 16.3ms | ActiveRecord: 0.4ms)


Started GET "/assets/bundle.js.map" for 127.0.0.1 at 2016-01-26 22:19:05 -0500


Started GET "/session/new" for 127.0.0.1 at 2016-01-26 22:19:13 -0500
Processing by SessionsController#new as HTML
  Rendered sessions/new.html.erb within layouts/application (0.6ms)
  [1m[36mUser Load (0.2ms)[0m  [1mSELECT  "users".* FROM "users" WHERE "users"."session_token" IS NULL LIMIT 1[0m
Completed 200 OK in 21ms (Views: 19.0ms | ActiveRecord: 0.2ms)


Started GET "/assets/bundle.js.map" for 127.0.0.1 at 2016-01-26 22:19:14 -0500


Started POST "/session" for 127.0.0.1 at 2016-01-26 22:19:16 -0500
Processing by SessionsController#create as HTML
  Parameters: {"authenticity_token"=>"QTD2XhJ7gi0vQvVTF9kZc38uXXnun6I7ULIRcxzGsbEjd7el3NhnetjfUXHLbexq+FIygCZvtlIemN+b0+rzow==", "user"=>{"username"=>"", "password"=>"[FILTERED]"}}
  [1m[35mUser Load (0.1ms)[0m  SELECT  "users".* FROM "users" WHERE "users"."username" = ? LIMIT 1  [["username", ""]]
  Rendered sessions/new.html.erb within layouts/application (1.0ms)
  [1m[36mUser Load (0.1ms)[0m  [1mSELECT  "users".* FROM "users" WHERE "users"."session_token" IS NULL LIMIT 1[0m
Completed 200 OK in 18ms (Views: 16.8ms | ActiveRecord: 0.3ms)


Started GET "/assets/bundle.js.map" for 127.0.0.1 at 2016-01-26 22:19:16 -0500


Started POST "/session" for 127.0.0.1 at 2016-01-26 22:19:32 -0500
Processing by SessionsController#create as HTML
  Parameters: {"authenticity_token"=>"rXM6n3sRYbMrdahwAkbwfQB8Y4C7zMlVsX84U3SiaiXPNHtktbKE5NzoDFLe8gVkhwAMeXM83Tz/Vfa7u44oNw==", "user"=>{"username"=>"yoda", "password"=>"[FILTERED]"}}
  [1m[35mUser Load (0.1ms)[0m  SELECT  "users".* FROM "users" WHERE "users"."username" = ? LIMIT 1  [["username", "yoda"]]
  [1m[36m (0.1ms)[0m  [1mbegin transaction[0m
  [1m[35mUser Exists (0.1ms)[0m  SELECT  1 AS one FROM "users" WHERE ("users"."username" = 'yoda' AND "users"."id" != 3) LIMIT 1
  [1m[36mSQL (0.1ms)[0m  [1mUPDATE "users" SET "session_token" = ? WHERE "users"."id" = ?[0m  [["session_token", "K9Yoy4z0GhhVLY8d7_TDRQ"], ["id", 3]]
  [1m[35m (23.2ms)[0m  commit transaction
Redirected to http://localhost:3000/
Completed 302 Found in 107ms (ActiveRecord: 23.6ms)


Started GET "/" for 127.0.0.1 at 2016-01-26 22:19:32 -0500
Processing by StaticPagesController#root as HTML
  [1m[36mUser Load (0.1ms)[0m  [1mSELECT  "users".* FROM "users" WHERE "users"."session_token" = ? LIMIT 1[0m  [["session_token", "K9Yoy4z0GhhVLY8d7_TDRQ"]]
  Rendered static_pages/root.html.erb within layouts/application (0.1ms)
  [1m[35mCACHE (0.0ms)[0m  SELECT  "users".* FROM "users" WHERE "users"."session_token" = ? LIMIT 1  [["session_token", "K9Yoy4z0GhhVLY8d7_TDRQ"]]
Completed 200 OK in 16ms (Views: 15.7ms | ActiveRecord: 0.1ms)


Started GET "/assets/bundle.js.map" for 127.0.0.1 at 2016-01-26 22:19:33 -0500


Started DELETE "/session" for 127.0.0.1 at 2016-01-26 22:19:36 -0500
Processing by SessionsController#destroy as HTML
  Parameters: {"authenticity_token"=>"BFRCKXClYDqlvgYPY05MWPxVPPL01wUg2U3wxed8OYVmEwPSvgaFbVIjoi2/+rlBeylTCzwnEUmXZz4tKFB7lw=="}
  [1m[36mUser Load (0.2ms)[0m  [1mSELECT  "users".* FROM "users" WHERE "users"."session_token" = ? LIMIT 1[0m  [["session_token", "K9Yoy4z0GhhVLY8d7_TDRQ"]]
  [1m[35m (0.4ms)[0m  begin transaction
  [1m[36mUser Exists (0.6ms)[0m  [1mSELECT  1 AS one FROM "users" WHERE ("users"."username" = 'yoda' AND "users"."id" != 3) LIMIT 1[0m
  [1m[35mSQL (0.1ms)[0m  UPDATE "users" SET "session_token" = ? WHERE "users"."id" = ?  [["session_token", "OG8-nDhCh8pLd0frvFRbYA"], ["id", 3]]
  [1m[36m (84.2ms)[0m  [1mcommit transaction[0m
Redirected to http://localhost:3000/session/new
Completed 302 Found in 92ms (ActiveRecord: 85.6ms)


Started GET "/session/new" for 127.0.0.1 at 2016-01-26 22:19:36 -0500
Processing by SessionsController#new as HTML
  Rendered sessions/new.html.erb within layouts/application (0.4ms)
  [1m[35mUser Load (0.1ms)[0m  SELECT  "users".* FROM "users" WHERE "users"."session_token" IS NULL LIMIT 1
Completed 200 OK in 14ms (Views: 13.4ms | ActiveRecord: 0.1ms)


Started GET "/assets/bundle.js.map" for 127.0.0.1 at 2016-01-26 22:19:36 -0500


Started POST "/session" for 127.0.0.1 at 2016-01-26 22:19:40 -0500
Processing by SessionsController#create as HTML
  Parameters: {"authenticity_token"=>"dvCbuyogaA5lE/YtDUjmy8DGiJvZ+qpCedMpIy+70tcUt9pA5IONWZKOUg/R/BPSR7rnYhEKvis3+efL4JeQxQ==", "user"=>{"username"=>"", "password"=>"[FILTERED]"}}
  [1m[36mUser Load (0.1ms)[0m  [1mSELECT  "users".* FROM "users" WHERE "users"."username" = ? LIMIT 1[0m  [["username", ""]]
  Rendered sessions/new.html.erb within layouts/application (0.4ms)
  [1m[35mUser Load (0.1ms)[0m  SELECT  "users".* FROM "users" WHERE "users"."session_token" IS NULL LIMIT 1
Completed 200 OK in 25ms (Views: 23.4ms | ActiveRecord: 0.3ms)


Started GET "/assets/bundle.js.map" for 127.0.0.1 at 2016-01-26 22:19:40 -0500


Started POST "/session" for 127.0.0.1 at 2016-01-26 22:25:39 -0500
Processing by SessionsController#create as HTML
  Parameters: {"authenticity_token"=>"GS1DlEuTuPE14cyGCpwLsPB/hy6oaJ0KTu7E2k46FQR7agJvhTBdpsJ8aKTWKP6pdwPo12CYiWMAxAoygRZXFg==", "user"=>{"username"=>"yoda", "password"=>"[FILTERED]"}}
  [1m[36mUser Load (0.1ms)[0m  [1mSELECT  "users".* FROM "users" WHERE "users"."username" = ? LIMIT 1[0m  [["username", "yoda"]]
  [1m[35m (0.1ms)[0m  begin transaction
  [1m[36mUser Exists (0.1ms)[0m  [1mSELECT  1 AS one FROM "users" WHERE ("users"."username" = 'yoda' AND "users"."id" != 3) LIMIT 1[0m
  [1m[35mSQL (0.1ms)[0m  UPDATE "users" SET "session_token" = ? WHERE "users"."id" = ?  [["session_token", "GfHJA4m3HE5J7i6mWBgiUw"], ["id", 3]]
  [1m[36m (63.7ms)[0m  [1mcommit transaction[0m
Redirected to http://localhost:3000/
Completed 302 Found in 147ms (ActiveRecord: 64.2ms)


Started GET "/" for 127.0.0.1 at 2016-01-26 22:25:40 -0500
Processing by StaticPagesController#root as HTML
  [1m[35mUser Load (0.1ms)[0m  SELECT  "users".* FROM "users" WHERE "users"."session_token" = ? LIMIT 1  [["session_token", "GfHJA4m3HE5J7i6mWBgiUw"]]
  Rendered static_pages/root.html.erb within layouts/application (0.0ms)
  [1m[36mCACHE (0.0ms)[0m  [1mSELECT  "users".* FROM "users" WHERE "users"."session_token" = ? LIMIT 1[0m  [["session_token", "GfHJA4m3HE5J7i6mWBgiUw"]]
Completed 200 OK in 13ms (Views: 12.1ms | ActiveRecord: 0.1ms)


Started GET "/assets/bundle.js.map" for 127.0.0.1 at 2016-01-26 22:25:40 -0500


Started DELETE "/session" for 127.0.0.1 at 2016-01-26 22:25:44 -0500
Processing by SessionsController#destroy as HTML
  Parameters: {"authenticity_token"=>"M3lNAef8+SjIUrCuaF50U5t9lVyJRHjFRph0QKxI8d5RPgz6KV8cfz/PFIy06oFKHAH6pUG0bKwIsrqoY2SzzA=="}
  [1m[35mUser Load (0.1ms)[0m  SELECT  "users".* FROM "users" WHERE "users"."session_token" = ? LIMIT 1  [["session_token", "GfHJA4m3HE5J7i6mWBgiUw"]]
  [1m[36m (0.1ms)[0m  [1mbegin transaction[0m
  [1m[35mUser Exists (0.1ms)[0m  SELECT  1 AS one FROM "users" WHERE ("users"."username" = 'yoda' AND "users"."id" != 3) LIMIT 1
  [1m[36mSQL (0.1ms)[0m  [1mUPDATE "users" SET "session_token" = ? WHERE "users"."id" = ?[0m  [["session_token", "EQJYoZeI2jEPX25AqmlP6A"], ["id", 3]]
  [1m[35m (20.9ms)[0m  commit transaction
Redirected to http://localhost:3000/session/new
Completed 302 Found in 25ms (ActiveRecord: 21.3ms)


Started GET "/session/new" for 127.0.0.1 at 2016-01-26 22:25:44 -0500
Processing by SessionsController#new as HTML
  Rendered sessions/new.html.erb within layouts/application (0.4ms)
  [1m[36mUser Load (0.1ms)[0m  [1mSELECT  "users".* FROM "users" WHERE "users"."session_token" IS NULL LIMIT 1[0m
Completed 200 OK in 19ms (Views: 18.1ms | ActiveRecord: 0.1ms)


Started POST "/session" for 127.0.0.1 at 2016-01-26 22:25:48 -0500
Processing by SessionsController#create as HTML
  Parameters: {"authenticity_token"=>"mWkhix2z4e5PMuAlaRjIY+JFUxtwYAwEXM7IyO8nenH7LmBw0xAEubivRAe1rD16ZTk84riQGG0S5AYgIAs4Yw==", "user"=>{"username"=>"safasf", "password"=>"[FILTERED]"}}
  [1m[35mUser Load (0.2ms)[0m  SELECT  "users".* FROM "users" WHERE "users"."username" = ? LIMIT 1  [["username", "safasf"]]
  Rendered sessions/new.html.erb within layouts/application (0.4ms)
  [1m[36mUser Load (0.2ms)[0m  [1mSELECT  "users".* FROM "users" WHERE "users"."session_token" IS NULL LIMIT 1[0m
Completed 200 OK in 28ms (Views: 26.5ms | ActiveRecord: 0.3ms)


Started POST "/session" for 127.0.0.1 at 2016-01-26 22:25:56 -0500
Processing by SessionsController#create as HTML
  Parameters: {"authenticity_token"=>"MtUd3roaoiA43m3w+uL0VX5MHL+QWcjSEvjsYu6C1j1QklwldLlHd89DydImVgFM+TBzRlip3Ltc0iKKIa6ULw==", "user"=>{"username"=>"johnsmith", "password"=>"[FILTERED]"}}
  [1m[35mUser Load (0.2ms)[0m  SELECT  "users".* FROM "users" WHERE "users"."username" = ? LIMIT 1  [["username", "johnsmith"]]
  [1m[36m (0.1ms)[0m  [1mbegin transaction[0m
  [1m[35mUser Exists (0.2ms)[0m  SELECT  1 AS one FROM "users" WHERE ("users"."username" = 'johnsmith' AND "users"."id" != 4) LIMIT 1
  [1m[36mSQL (0.1ms)[0m  [1mUPDATE "users" SET "session_token" = ? WHERE "users"."id" = ?[0m  [["session_token", "0Y052SKk0_7FwG9m4Mc2eg"], ["id", 4]]
  [1m[35m (69.3ms)[0m  commit transaction
Redirected to http://localhost:3000/
Completed 302 Found in 155ms (ActiveRecord: 69.9ms)


Started GET "/" for 127.0.0.1 at 2016-01-26 22:25:56 -0500
Processing by StaticPagesController#root as HTML
  [1m[36mUser Load (0.1ms)[0m  [1mSELECT  "users".* FROM "users" WHERE "users"."session_token" = ? LIMIT 1[0m  [["session_token", "0Y052SKk0_7FwG9m4Mc2eg"]]
  Rendered static_pages/root.html.erb within layouts/application (0.0ms)
  [1m[35mCACHE (0.0ms)[0m  SELECT  "users".* FROM "users" WHERE "users"."session_token" = ? LIMIT 1  [["session_token", "0Y052SKk0_7FwG9m4Mc2eg"]]
Completed 200 OK in 12ms (Views: 11.7ms | ActiveRecord: 0.1ms)


Started DELETE "/session" for 127.0.0.1 at 2016-01-26 22:25:59 -0500
Processing by SessionsController#destroy as HTML
  Parameters: {"authenticity_token"=>"TdB3W5/a+cCvMMir0PReoLbsslMfKztt03leRXJrPMAvlzagUXkcl1itbIkMQKu5MZDdqtfbLwSdU5CtvUd+0g=="}
  [1m[36mUser Load (0.2ms)[0m  [1mSELECT  "users".* FROM "users" WHERE "users"."session_token" = ? LIMIT 1[0m  [["session_token", "0Y052SKk0_7FwG9m4Mc2eg"]]
  [1m[35m (0.2ms)[0m  begin transaction
  [1m[36mUser Exists (0.2ms)[0m  [1mSELECT  1 AS one FROM "users" WHERE ("users"."username" = 'johnsmith' AND "users"."id" != 4) LIMIT 1[0m
  [1m[35mSQL (0.3ms)[0m  UPDATE "users" SET "session_token" = ? WHERE "users"."id" = ?  [["session_token", "CxmdQ6-vvmZF4tpCQ5kZMg"], ["id", 4]]
  [1m[36m (138.5ms)[0m  [1mcommit transaction[0m
Redirected to http://localhost:3000/session/new
Completed 302 Found in 146ms (ActiveRecord: 139.3ms)


Started GET "/session/new" for 127.0.0.1 at 2016-01-26 22:25:59 -0500
Processing by SessionsController#new as HTML
  Rendered sessions/new.html.erb within layouts/application (0.6ms)
  [1m[35mUser Load (0.2ms)[0m  SELECT  "users".* FROM "users" WHERE "users"."session_token" IS NULL LIMIT 1
Completed 200 OK in 26ms (Views: 25.5ms | ActiveRecord: 0.2ms)


Started GET "/" for 127.0.0.1 at 2016-01-27 08:44:46 -0500
  [1m[36mActiveRecord::SchemaMigration Load (0.1ms)[0m  [1mSELECT "schema_migrations".* FROM "schema_migrations"[0m

ActiveRecord::PendingMigrationError (

Migrations are pending. To resolve this issue, run:

	bin/rake db:migrate RAILS_ENV=development

):
  activerecord (4.2.5) lib/active_record/migration.rb:392:in `check_pending!'
  activerecord (4.2.5) lib/active_record/migration.rb:373:in `call'
  actionpack (4.2.5) lib/action_dispatch/middleware/callbacks.rb:29:in `block in call'
  activesupport (4.2.5) lib/active_support/callbacks.rb:88:in `__run_callbacks__'
  activesupport (4.2.5) lib/active_support/callbacks.rb:778:in `_run_call_callbacks'
  activesupport (4.2.5) lib/active_support/callbacks.rb:81:in `run_callbacks'
  actionpack (4.2.5) lib/action_dispatch/middleware/callbacks.rb:27:in `call'
  actionpack (4.2.5) lib/action_dispatch/middleware/reloader.rb:73:in `call'
  actionpack (4.2.5) lib/action_dispatch/middleware/remote_ip.rb:78:in `call'
  actionpack (4.2.5) lib/action_dispatch/middleware/debug_exceptions.rb:17:in `call'
  web-console (2.2.1) lib/web_console/middleware.rb:39:in `call'
  actionpack (4.2.5) lib/action_dispatch/middleware/show_exceptions.rb:30:in `call'
  railties (4.2.5) lib/rails/rack/logger.rb:38:in `call_app'
  railties (4.2.5) lib/rails/rack/logger.rb:20:in `block in call'
  activesupport (4.2.5) lib/active_support/tagged_logging.rb:68:in `block in tagged'
  activesupport (4.2.5) lib/active_support/tagged_logging.rb:26:in `tagged'
  activesupport (4.2.5) lib/active_support/tagged_logging.rb:68:in `tagged'
  railties (4.2.5) lib/rails/rack/logger.rb:20:in `call'
  actionpack (4.2.5) lib/action_dispatch/middleware/request_id.rb:21:in `call'
  rack (1.6.4) lib/rack/methodoverride.rb:22:in `call'
  rack (1.6.4) lib/rack/runtime.rb:18:in `call'
  activesupport (4.2.5) lib/active_support/cache/strategy/local_cache_middleware.rb:28:in `call'
  rack (1.6.4) lib/rack/lock.rb:17:in `call'
  actionpack (4.2.5) lib/action_dispatch/middleware/static.rb:116:in `call'
  rack (1.6.4) lib/rack/sendfile.rb:113:in `call'
  railties (4.2.5) lib/rails/engine.rb:518:in `call'
  railties (4.2.5) lib/rails/application.rb:165:in `call'
  rack (1.6.4) lib/rack/lock.rb:17:in `call'
  rack (1.6.4) lib/rack/content_length.rb:15:in `call'
  rack (1.6.4) lib/rack/handler/webrick.rb:88:in `service'
  /home/christian/.rvm/rubies/ruby-2.2.3/lib/ruby/2.2.0/webrick/httpserver.rb:138:in `service'
  /home/christian/.rvm/rubies/ruby-2.2.3/lib/ruby/2.2.0/webrick/httpserver.rb:94:in `run'
  /home/christian/.rvm/rubies/ruby-2.2.3/lib/ruby/2.2.0/webrick/server.rb:294:in `block in start_thread'


  Rendered /home/christian/.rvm/gems/ruby-2.2.3/gems/actionpack-4.2.5/lib/action_dispatch/middleware/templates/rescues/_source.erb (21.3ms)
  Rendered /home/christian/.rvm/gems/ruby-2.2.3/gems/actionpack-4.2.5/lib/action_dispatch/middleware/templates/rescues/_trace.html.erb (2.8ms)
  Rendered /home/christian/.rvm/gems/ruby-2.2.3/gems/actionpack-4.2.5/lib/action_dispatch/middleware/templates/rescues/_request_and_response.html.erb (1.3ms)
  Rendered /home/christian/.rvm/gems/ruby-2.2.3/gems/actionpack-4.2.5/lib/action_dispatch/middleware/templates/rescues/diagnostics.html.erb within rescues/layout (48.2ms)
  Rendered /home/christian/.rvm/gems/ruby-2.2.3/gems/web-console-2.2.1/lib/web_console/templates/_markup.html.erb (0.5ms)
  Rendered /home/christian/.rvm/gems/ruby-2.2.3/gems/web-console-2.2.1/lib/web_console/templates/_inner_console_markup.html.erb within layouts/inlined_string (0.5ms)
  Rendered /home/christian/.rvm/gems/ruby-2.2.3/gems/web-console-2.2.1/lib/web_console/templates/_prompt_box_markup.html.erb within layouts/inlined_string (0.8ms)
  Rendered /home/christian/.rvm/gems/ruby-2.2.3/gems/web-console-2.2.1/lib/web_console/templates/style.css.erb within layouts/inlined_string (0.3ms)
  Rendered /home/christian/.rvm/gems/ruby-2.2.3/gems/web-console-2.2.1/lib/web_console/templates/console.js.erb within layouts/javascript (22.6ms)
  Rendered /home/christian/.rvm/gems/ruby-2.2.3/gems/web-console-2.2.1/lib/web_console/templates/main.js.erb within layouts/javascript (1.2ms)
  Rendered /home/christian/.rvm/gems/ruby-2.2.3/gems/web-console-2.2.1/lib/web_console/templates/error_page.js.erb within layouts/javascript (0.6ms)
  Rendered /home/christian/.rvm/gems/ruby-2.2.3/gems/web-console-2.2.1/lib/web_console/templates/index.html.erb (59.1ms)


Started GET "/" for 127.0.0.1 at 2016-01-27 08:44:46 -0500
  [1m[35mActiveRecord::SchemaMigration Load (0.1ms)[0m  SELECT "schema_migrations".* FROM "schema_migrations"

ActiveRecord::PendingMigrationError (

Migrations are pending. To resolve this issue, run:

	bin/rake db:migrate RAILS_ENV=development

):
  activerecord (4.2.5) lib/active_record/migration.rb:392:in `check_pending!'
  activerecord (4.2.5) lib/active_record/migration.rb:373:in `call'
  actionpack (4.2.5) lib/action_dispatch/middleware/callbacks.rb:29:in `block in call'
  activesupport (4.2.5) lib/active_support/callbacks.rb:88:in `__run_callbacks__'
  activesupport (4.2.5) lib/active_support/callbacks.rb:778:in `_run_call_callbacks'
  activesupport (4.2.5) lib/active_support/callbacks.rb:81:in `run_callbacks'
  actionpack (4.2.5) lib/action_dispatch/middleware/callbacks.rb:27:in `call'
  actionpack (4.2.5) lib/action_dispatch/middleware/reloader.rb:73:in `call'
  actionpack (4.2.5) lib/action_dispatch/middleware/remote_ip.rb:78:in `call'
  actionpack (4.2.5) lib/action_dispatch/middleware/debug_exceptions.rb:17:in `call'
  web-console (2.2.1) lib/web_console/middleware.rb:39:in `call'
  actionpack (4.2.5) lib/action_dispatch/middleware/show_exceptions.rb:30:in `call'
  railties (4.2.5) lib/rails/rack/logger.rb:38:in `call_app'
  railties (4.2.5) lib/rails/rack/logger.rb:20:in `block in call'
  activesupport (4.2.5) lib/active_support/tagged_logging.rb:68:in `block in tagged'
  activesupport (4.2.5) lib/active_support/tagged_logging.rb:26:in `tagged'
  activesupport (4.2.5) lib/active_support/tagged_logging.rb:68:in `tagged'
  railties (4.2.5) lib/rails/rack/logger.rb:20:in `call'
  actionpack (4.2.5) lib/action_dispatch/middleware/request_id.rb:21:in `call'
  rack (1.6.4) lib/rack/methodoverride.rb:22:in `call'
  rack (1.6.4) lib/rack/runtime.rb:18:in `call'
  activesupport (4.2.5) lib/active_support/cache/strategy/local_cache_middleware.rb:28:in `call'
  rack (1.6.4) lib/rack/lock.rb:17:in `call'
  actionpack (4.2.5) lib/action_dispatch/middleware/static.rb:116:in `call'
  rack (1.6.4) lib/rack/sendfile.rb:113:in `call'
  railties (4.2.5) lib/rails/engine.rb:518:in `call'
  railties (4.2.5) lib/rails/application.rb:165:in `call'
  rack (1.6.4) lib/rack/lock.rb:17:in `call'
  rack (1.6.4) lib/rack/content_length.rb:15:in `call'
  rack (1.6.4) lib/rack/handler/webrick.rb:88:in `service'
  /home/christian/.rvm/rubies/ruby-2.2.3/lib/ruby/2.2.0/webrick/httpserver.rb:138:in `service'
  /home/christian/.rvm/rubies/ruby-2.2.3/lib/ruby/2.2.0/webrick/httpserver.rb:94:in `run'
  /home/christian/.rvm/rubies/ruby-2.2.3/lib/ruby/2.2.0/webrick/server.rb:294:in `block in start_thread'


  Rendered /home/christian/.rvm/gems/ruby-2.2.3/gems/actionpack-4.2.5/lib/action_dispatch/middleware/templates/rescues/_source.erb (2.8ms)
  Rendered /home/christian/.rvm/gems/ruby-2.2.3/gems/actionpack-4.2.5/lib/action_dispatch/middleware/templates/rescues/_trace.html.erb (1.2ms)
  Rendered /home/christian/.rvm/gems/ruby-2.2.3/gems/actionpack-4.2.5/lib/action_dispatch/middleware/templates/rescues/_request_and_response.html.erb (3.2ms)
  Rendered /home/christian/.rvm/gems/ruby-2.2.3/gems/actionpack-4.2.5/lib/action_dispatch/middleware/templates/rescues/diagnostics.html.erb within rescues/layout (22.6ms)
  Rendered /home/christian/.rvm/gems/ruby-2.2.3/gems/web-console-2.2.1/lib/web_console/templates/_markup.html.erb (0.4ms)
  Rendered /home/christian/.rvm/gems/ruby-2.2.3/gems/web-console-2.2.1/lib/web_console/templates/_inner_console_markup.html.erb within layouts/inlined_string (0.3ms)
  Rendered /home/christian/.rvm/gems/ruby-2.2.3/gems/web-console-2.2.1/lib/web_console/templates/_prompt_box_markup.html.erb within layouts/inlined_string (0.3ms)
  Rendered /home/christian/.rvm/gems/ruby-2.2.3/gems/web-console-2.2.1/lib/web_console/templates/style.css.erb within layouts/inlined_string (0.3ms)
  Rendered /home/christian/.rvm/gems/ruby-2.2.3/gems/web-console-2.2.1/lib/web_console/templates/console.js.erb within layouts/javascript (15.9ms)
  Rendered /home/christian/.rvm/gems/ruby-2.2.3/gems/web-console-2.2.1/lib/web_console/templates/main.js.erb within layouts/javascript (1.2ms)
  Rendered /home/christian/.rvm/gems/ruby-2.2.3/gems/web-console-2.2.1/lib/web_console/templates/error_page.js.erb within layouts/javascript (0.4ms)
  Rendered /home/christian/.rvm/gems/ruby-2.2.3/gems/web-console-2.2.1/lib/web_console/templates/index.html.erb (33.8ms)


Started GET "/" for 127.0.0.1 at 2016-01-27 18:51:14 -0500

PG::ConnectionBad (FATAL:  Peer authentication failed for user "postgres"
):
  activerecord (4.2.5) lib/active_record/connection_adapters/postgresql_adapter.rb:651:in `initialize'
  activerecord (4.2.5) lib/active_record/connection_adapters/postgresql_adapter.rb:651:in `new'
  activerecord (4.2.5) lib/active_record/connection_adapters/postgresql_adapter.rb:651:in `connect'
  activerecord (4.2.5) lib/active_record/connection_adapters/postgresql_adapter.rb:242:in `initialize'
  activerecord (4.2.5) lib/active_record/connection_adapters/postgresql_adapter.rb:44:in `new'
  activerecord (4.2.5) lib/active_record/connection_adapters/postgresql_adapter.rb:44:in `postgresql_connection'
  activerecord (4.2.5) lib/active_record/connection_adapters/abstract/connection_pool.rb:438:in `new_connection'
  activerecord (4.2.5) lib/active_record/connection_adapters/abstract/connection_pool.rb:448:in `checkout_new_connection'
  activerecord (4.2.5) lib/active_record/connection_adapters/abstract/connection_pool.rb:422:in `acquire_connection'
  activerecord (4.2.5) lib/active_record/connection_adapters/abstract/connection_pool.rb:349:in `block in checkout'
  /home/christian/.rvm/rubies/ruby-2.2.3/lib/ruby/2.2.0/monitor.rb:211:in `mon_synchronize'
  activerecord (4.2.5) lib/active_record/connection_adapters/abstract/connection_pool.rb:348:in `checkout'
  activerecord (4.2.5) lib/active_record/connection_adapters/abstract/connection_pool.rb:263:in `block in connection'
  /home/christian/.rvm/rubies/ruby-2.2.3/lib/ruby/2.2.0/monitor.rb:211:in `mon_synchronize'
  activerecord (4.2.5) lib/active_record/connection_adapters/abstract/connection_pool.rb:262:in `connection'
  activerecord (4.2.5) lib/active_record/connection_adapters/abstract/connection_pool.rb:571:in `retrieve_connection'
  activerecord (4.2.5) lib/active_record/connection_handling.rb:113:in `retrieve_connection'
  activerecord (4.2.5) lib/active_record/connection_handling.rb:87:in `connection'
  activerecord (4.2.5) lib/active_record/migration.rb:383:in `connection'
  activerecord (4.2.5) lib/active_record/migration.rb:370:in `call'
  actionpack (4.2.5) lib/action_dispatch/middleware/callbacks.rb:29:in `block in call'
  activesupport (4.2.5) lib/active_support/callbacks.rb:88:in `__run_callbacks__'
  activesupport (4.2.5) lib/active_support/callbacks.rb:778:in `_run_call_callbacks'
  activesupport (4.2.5) lib/active_support/callbacks.rb:81:in `run_callbacks'
  actionpack (4.2.5) lib/action_dispatch/middleware/callbacks.rb:27:in `call'
  actionpack (4.2.5) lib/action_dispatch/middleware/reloader.rb:73:in `call'
  actionpack (4.2.5) lib/action_dispatch/middleware/remote_ip.rb:78:in `call'
  actionpack (4.2.5) lib/action_dispatch/middleware/debug_exceptions.rb:17:in `call'
  web-console (2.2.1) lib/web_console/middleware.rb:39:in `call'
  actionpack (4.2.5) lib/action_dispatch/middleware/show_exceptions.rb:30:in `call'
  railties (4.2.5) lib/rails/rack/logger.rb:38:in `call_app'
  railties (4.2.5) lib/rails/rack/logger.rb:20:in `block in call'
  activesupport (4.2.5) lib/active_support/tagged_logging.rb:68:in `block in tagged'
  activesupport (4.2.5) lib/active_support/tagged_logging.rb:26:in `tagged'
  activesupport (4.2.5) lib/active_support/tagged_logging.rb:68:in `tagged'
  railties (4.2.5) lib/rails/rack/logger.rb:20:in `call'
  actionpack (4.2.5) lib/action_dispatch/middleware/request_id.rb:21:in `call'
  rack (1.6.4) lib/rack/methodoverride.rb:22:in `call'
  rack (1.6.4) lib/rack/runtime.rb:18:in `call'
  activesupport (4.2.5) lib/active_support/cache/strategy/local_cache_middleware.rb:28:in `call'
  rack (1.6.4) lib/rack/lock.rb:17:in `call'
  actionpack (4.2.5) lib/action_dispatch/middleware/static.rb:116:in `call'
  rack (1.6.4) lib/rack/sendfile.rb:113:in `call'
  railties (4.2.5) lib/rails/engine.rb:518:in `call'
  railties (4.2.5) lib/rails/application.rb:165:in `call'
  rack (1.6.4) lib/rack/lock.rb:17:in `call'
  rack (1.6.4) lib/rack/content_length.rb:15:in `call'
  rack (1.6.4) lib/rack/handler/webrick.rb:88:in `service'
  /home/christian/.rvm/rubies/ruby-2.2.3/lib/ruby/2.2.0/webrick/httpserver.rb:138:in `service'
  /home/christian/.rvm/rubies/ruby-2.2.3/lib/ruby/2.2.0/webrick/httpserver.rb:94:in `run'
  /home/christian/.rvm/rubies/ruby-2.2.3/lib/ruby/2.2.0/webrick/server.rb:294:in `block in start_thread'


  Rendered /home/christian/.rvm/gems/ruby-2.2.3/gems/actionpack-4.2.5/lib/action_dispatch/middleware/templates/rescues/_source.erb (3.0ms)
  Rendered /home/christian/.rvm/gems/ruby-2.2.3/gems/actionpack-4.2.5/lib/action_dispatch/middleware/templates/rescues/_trace.html.erb (1.3ms)
  Rendered /home/christian/.rvm/gems/ruby-2.2.3/gems/actionpack-4.2.5/lib/action_dispatch/middleware/templates/rescues/_request_and_response.html.erb (1.0ms)
  Rendered /home/christian/.rvm/gems/ruby-2.2.3/gems/actionpack-4.2.5/lib/action_dispatch/middleware/templates/rescues/diagnostics.html.erb within rescues/layout (27.1ms)
  Rendered /home/christian/.rvm/gems/ruby-2.2.3/gems/web-console-2.2.1/lib/web_console/templates/_markup.html.erb (0.3ms)
  Rendered /home/christian/.rvm/gems/ruby-2.2.3/gems/web-console-2.2.1/lib/web_console/templates/_inner_console_markup.html.erb within layouts/inlined_string (0.3ms)
  Rendered /home/christian/.rvm/gems/ruby-2.2.3/gems/web-console-2.2.1/lib/web_console/templates/_prompt_box_markup.html.erb within layouts/inlined_string (0.2ms)
  Rendered /home/christian/.rvm/gems/ruby-2.2.3/gems/web-console-2.2.1/lib/web_console/templates/style.css.erb within layouts/inlined_string (0.2ms)
  Rendered /home/christian/.rvm/gems/ruby-2.2.3/gems/web-console-2.2.1/lib/web_console/templates/console.js.erb within layouts/javascript (17.7ms)
  Rendered /home/christian/.rvm/gems/ruby-2.2.3/gems/web-console-2.2.1/lib/web_console/templates/main.js.erb within layouts/javascript (0.2ms)
  Rendered /home/christian/.rvm/gems/ruby-2.2.3/gems/web-console-2.2.1/lib/web_console/templates/error_page.js.erb within layouts/javascript (0.3ms)
  Rendered /home/christian/.rvm/gems/ruby-2.2.3/gems/web-console-2.2.1/lib/web_console/templates/index.html.erb (34.9ms)
  [1m[36m (51.0ms)[0m  [1mCREATE TABLE "users" ("id" serial primary key, "username" character varying NOT NULL, "password_digest" character varying NOT NULL, "session_token" character varying NOT NULL) [0m
  [1m[35m (6.3ms)[0m  CREATE UNIQUE INDEX  "index_users_on_username" ON "users"  ("username")
  [1m[36m (9.0ms)[0m  [1mCREATE TABLE "schema_migrations" ("version" character varying NOT NULL) [0m
  [1m[35m (5.3ms)[0m  CREATE UNIQUE INDEX  "unique_schema_migrations" ON "schema_migrations"  ("version")
  [1m[36m (0.4ms)[0m  [1mSELECT version FROM "schema_migrations"[0m
  [1m[35m (2.1ms)[0m  INSERT INTO "schema_migrations" (version) VALUES ('20160126163325')
  [1m[36m (2.0ms)[0m  [1mINSERT INTO "schema_migrations" (version) VALUES ('20160126161154')[0m
  [1m[35m (35.3ms)[0m  CREATE TABLE "users" ("id" serial primary key, "username" character varying NOT NULL, "password_digest" character varying NOT NULL, "session_token" character varying NOT NULL) 
  [1m[36m (6.8ms)[0m  [1mCREATE UNIQUE INDEX  "index_users_on_username" ON "users"  ("username")[0m
  [1m[35m (8.3ms)[0m  CREATE TABLE "schema_migrations" ("version" character varying NOT NULL) 
  [1m[36m (5.9ms)[0m  [1mCREATE UNIQUE INDEX  "unique_schema_migrations" ON "schema_migrations"  ("version")[0m
  [1m[35m (0.5ms)[0m  SELECT version FROM "schema_migrations"
  [1m[36m (2.0ms)[0m  [1mINSERT INTO "schema_migrations" (version) VALUES ('20160126163325')[0m
  [1m[35m (2.1ms)[0m  INSERT INTO "schema_migrations" (version) VALUES ('20160126161154')
  [1m[36mActiveRecord::SchemaMigration Load (0.4ms)[0m  [1mSELECT "schema_migrations".* FROM "schema_migrations"[0m
  [1m[36mActiveRecord::SchemaMigration Load (0.2ms)[0m  [1mSELECT "schema_migrations".* FROM "schema_migrations"[0m
Migrating to CreateNotes (20160127115120)
  [1m[35m (0.1ms)[0m  BEGIN
  [1m[36m (9.6ms)[0m  [1mCREATE TABLE "notes" ("id" serial primary key, "title" character varying, "body" text, "author_id" integer NOT NULL, "notebook_id" integer NOT NULL) [0m
  [1m[35m (3.9ms)[0m  CREATE  INDEX  "index_notes_on_author_id" ON "notes"  ("author_id")
  [1m[36m (3.9ms)[0m  [1mCREATE  INDEX  "index_notes_on_notebook_id" ON "notes"  ("notebook_id")[0m
  [1m[35mSQL (0.3ms)[0m  INSERT INTO "schema_migrations" ("version") VALUES ($1)  [["version", "20160127115120"]]
  [1m[36m (2.5ms)[0m  [1mCOMMIT[0m
Migrating to CreateNotebooks (20160127115840)
  [1m[35m (0.2ms)[0m  BEGIN
  [1m[36m (9.5ms)[0m  [1mCREATE TABLE "notebooks" ("id" serial primary key, "author_id" integer NOT NULL, "title" text, "description" text) [0m
  [1m[35m (3.9ms)[0m  CREATE  INDEX  "index_notebooks_on_author_id" ON "notebooks"  ("author_id")
  [1m[36mSQL (0.2ms)[0m  [1mINSERT INTO "schema_migrations" ("version") VALUES ($1)[0m  [["version", "20160127115840"]]
  [1m[35m (2.4ms)[0m  COMMIT
  [1m[36mActiveRecord::SchemaMigration Load (0.2ms)[0m  [1mSELECT "schema_migrations".* FROM "schema_migrations"[0m
  [1m[35m (2.8ms)[0m  SELECT t2.oid::regclass::text AS to_table, a1.attname AS column, a2.attname AS primary_key, c.conname AS name, c.confupdtype AS on_update, c.confdeltype AS on_delete
FROM pg_constraint c
JOIN pg_class t1 ON c.conrelid = t1.oid
JOIN pg_class t2 ON c.confrelid = t2.oid
JOIN pg_attribute a1 ON a1.attnum = c.conkey[1] AND a1.attrelid = t1.oid
JOIN pg_attribute a2 ON a2.attnum = c.confkey[1] AND a2.attrelid = t2.oid
JOIN pg_namespace t3 ON c.connamespace = t3.oid
WHERE c.contype = 'f'
  AND t1.relname = 'notebooks'
  AND t3.nspname = ANY (current_schemas(false))
ORDER BY c.conname

  [1m[36m (2.0ms)[0m  [1mSELECT t2.oid::regclass::text AS to_table, a1.attname AS column, a2.attname AS primary_key, c.conname AS name, c.confupdtype AS on_update, c.confdeltype AS on_delete
FROM pg_constraint c
JOIN pg_class t1 ON c.conrelid = t1.oid
JOIN pg_class t2 ON c.confrelid = t2.oid
JOIN pg_attribute a1 ON a1.attnum = c.conkey[1] AND a1.attrelid = t1.oid
JOIN pg_attribute a2 ON a2.attnum = c.confkey[1] AND a2.attrelid = t2.oid
JOIN pg_namespace t3 ON c.connamespace = t3.oid
WHERE c.contype = 'f'
  AND t1.relname = 'notes'
  AND t3.nspname = ANY (current_schemas(false))
ORDER BY c.conname
[0m
  [1m[35m (2.1ms)[0m  SELECT t2.oid::regclass::text AS to_table, a1.attname AS column, a2.attname AS primary_key, c.conname AS name, c.confupdtype AS on_update, c.confdeltype AS on_delete
FROM pg_constraint c
JOIN pg_class t1 ON c.conrelid = t1.oid
JOIN pg_class t2 ON c.confrelid = t2.oid
JOIN pg_attribute a1 ON a1.attnum = c.conkey[1] AND a1.attrelid = t1.oid
JOIN pg_attribute a2 ON a2.attnum = c.confkey[1] AND a2.attrelid = t2.oid
JOIN pg_namespace t3 ON c.connamespace = t3.oid
WHERE c.contype = 'f'
  AND t1.relname = 'users'
  AND t3.nspname = ANY (current_schemas(false))
ORDER BY c.conname

  [1m[36mActiveRecord::SchemaMigration Load (0.4ms)[0m  [1mSELECT "schema_migrations".* FROM "schema_migrations"[0m
  [1m[35mUser Load (0.5ms)[0m  SELECT "users".* FROM "users"
  [1m[36m (0.1ms)[0m  [1mBEGIN[0m
  [1m[35mUser Exists (0.5ms)[0m  SELECT  1 AS one FROM "users" WHERE "users"."username" = 'guest' LIMIT 1
  [1m[36mSQL (0.5ms)[0m  [1mINSERT INTO "users" ("username", "session_token", "password_digest") VALUES ($1, $2, $3) RETURNING "id"[0m  [["username", "guest"], ["session_token", "SJRFZRHgMHCenm_t6V5xpQ"], ["password_digest", "$2a$10$NjQyM/CAS/shqltWPL4Tl.xGtkNQE2oijrFtibrdNGZCJKh3Qp7Yy"]]
  [1m[35m (3.3ms)[0m  COMMIT
  [1m[36m (0.1ms)[0m  [1mBEGIN[0m
  [1m[35mUser Exists (0.3ms)[0m  SELECT  1 AS one FROM "users" WHERE "users"."username" = 'christian' LIMIT 1
  [1m[36mSQL (0.4ms)[0m  [1mINSERT INTO "users" ("username", "session_token", "password_digest") VALUES ($1, $2, $3) RETURNING "id"[0m  [["username", "christian"], ["session_token", "pzENxyUe7-QD4pIb1j7cDg"], ["password_digest", "$2a$10$1ucB9FvDM3weGdiPbC4z/uCv09T9crQHmoaQmYvAgTx2wD82ovA6u"]]
  [1m[35m (2.9ms)[0m  COMMIT
  [1m[36m (0.1ms)[0m  [1mBEGIN[0m
  [1m[35mUser Exists (0.3ms)[0m  SELECT  1 AS one FROM "users" WHERE "users"."username" = 'yoda' LIMIT 1
  [1m[36mSQL (0.2ms)[0m  [1mINSERT INTO "users" ("username", "session_token", "password_digest") VALUES ($1, $2, $3) RETURNING "id"[0m  [["username", "yoda"], ["session_token", "CT8ogXeGUKB0lEslUb-GDQ"], ["password_digest", "$2a$10$dHu2rNd42cxaICthDptJ5u7IYobeiaLFylt7WC7gQg533ueLjaMz2"]]
  [1m[35m (1.9ms)[0m  COMMIT
  [1m[36m (0.2ms)[0m  [1mBEGIN[0m
  [1m[35mUser Exists (0.3ms)[0m  SELECT  1 AS one FROM "users" WHERE "users"."username" = 'johnsmith' LIMIT 1
  [1m[36mSQL (0.2ms)[0m  [1mINSERT INTO "users" ("username", "session_token", "password_digest") VALUES ($1, $2, $3) RETURNING "id"[0m  [["username", "johnsmith"], ["session_token", "D6vF0O6vnHFeM8s4HvFbYA"], ["password_digest", "$2a$10$m3BVKpNDvBT4U/sp6Q1kmu/jp306zTaMux.1fIV2C7M/iF1pqCqhm"]]
  [1m[35m (2.1ms)[0m  COMMIT


Started GET "/" for 127.0.0.1 at 2016-01-27 20:50:25 -0500
  [1m[36mActiveRecord::SchemaMigration Load (0.3ms)[0m  [1mSELECT "schema_migrations".* FROM "schema_migrations"[0m
Processing by StaticPagesController#root as HTML
  [1m[35mUser Load (0.6ms)[0m  SELECT  "users".* FROM "users" WHERE "users"."session_token" IS NULL LIMIT 1
Redirected to http://localhost:3000/session/new
Filter chain halted as :signed_in? rendered or redirected
Completed 302 Found in 20ms (ActiveRecord: 1.3ms)


Started GET "/session/new" for 127.0.0.1 at 2016-01-27 20:50:25 -0500
Processing by SessionsController#new as HTML
  Rendered sessions/new.html.erb within layouts/application (3.1ms)
Completed 500 Internal Server Error in 225ms (ActiveRecord: 1.6ms)

ActionView::Template::Error (couldn't find file 'bundle' with type 'application/javascript'):
    2: <html>
    3: <head>
    4:   <title>FeatherNote</title>
    5:   <%= stylesheet_link_tag    'application', media: 'all' %>
    6:   <%= javascript_include_tag 'application' %>
    7:   <%= csrf_meta_tags %>
    8: </head>
  app/assets/javascripts/application.js:16
  app/views/layouts/application.html.erb:5:in `_app_views_layouts_application_html_erb__841447018419048049_70170807337600'


  Rendered /home/christian/.rvm/gems/ruby-2.2.3/gems/actionpack-4.2.5/lib/action_dispatch/middleware/templates/rescues/_source.erb (7.0ms)
  Rendered /home/christian/.rvm/gems/ruby-2.2.3/gems/actionpack-4.2.5/lib/action_dispatch/middleware/templates/rescues/_trace.html.erb (3.4ms)
  Rendered /home/christian/.rvm/gems/ruby-2.2.3/gems/actionpack-4.2.5/lib/action_dispatch/middleware/templates/rescues/_request_and_response.html.erb (1.9ms)
  Rendered /home/christian/.rvm/gems/ruby-2.2.3/gems/actionpack-4.2.5/lib/action_dispatch/middleware/templates/rescues/template_error.html.erb within rescues/layout (27.3ms)
  Rendered /home/christian/.rvm/gems/ruby-2.2.3/gems/web-console-2.2.1/lib/web_console/templates/_markup.html.erb (0.4ms)
  Rendered /home/christian/.rvm/gems/ruby-2.2.3/gems/web-console-2.2.1/lib/web_console/templates/_inner_console_markup.html.erb within layouts/inlined_string (0.3ms)
  Rendered /home/christian/.rvm/gems/ruby-2.2.3/gems/web-console-2.2.1/lib/web_console/templates/_prompt_box_markup.html.erb within layouts/inlined_string (0.3ms)
  Rendered /home/christian/.rvm/gems/ruby-2.2.3/gems/web-console-2.2.1/lib/web_console/templates/style.css.erb within layouts/inlined_string (0.3ms)
  Rendered /home/christian/.rvm/gems/ruby-2.2.3/gems/web-console-2.2.1/lib/web_console/templates/console.js.erb within layouts/javascript (16.5ms)
  Rendered /home/christian/.rvm/gems/ruby-2.2.3/gems/web-console-2.2.1/lib/web_console/templates/main.js.erb within layouts/javascript (0.2ms)
  Rendered /home/christian/.rvm/gems/ruby-2.2.3/gems/web-console-2.2.1/lib/web_console/templates/error_page.js.erb within layouts/javascript (0.3ms)
  Rendered /home/christian/.rvm/gems/ruby-2.2.3/gems/web-console-2.2.1/lib/web_console/templates/index.html.erb (35.1ms)


Started GET "/session/new" for 127.0.0.1 at 2016-01-27 20:51:22 -0500
  [1m[36mActiveRecord::SchemaMigration Load (0.3ms)[0m  [1mSELECT "schema_migrations".* FROM "schema_migrations"[0m
Processing by SessionsController#new as HTML
  Rendered sessions/new.html.erb within layouts/application (10.3ms)
  [1m[35mUser Load (0.9ms)[0m  SELECT  "users".* FROM "users" WHERE "users"."session_token" IS NULL LIMIT 1
Completed 200 OK in 301ms (Views: 279.8ms | ActiveRecord: 2.6ms)


Started GET "/assets/users.self-e3b0c44298fc1c149afbf4c8996fb92427ae41e4649b934ca495991b7852b855.css?body=1" for 127.0.0.1 at 2016-01-27 20:51:23 -0500


Started GET "/assets/application.self-a5fa3a1ace5a9eb64c04e0601e5a51b6aaf0cbd2609b737e2dd862d4757b08a4.css?body=1" for 127.0.0.1 at 2016-01-27 20:51:23 -0500


Started GET "/assets/static_pages.self-877aef30ae1b040ab8a3aba4e3e309a11d7f2612f44dde450b5c157aa5f95c05.js?body=1" for 127.0.0.1 at 2016-01-27 20:51:23 -0500


Started GET "/assets/bundle.self-7e6802785b885f7fd8441c3e85f3731f6104fb1184570d7deb0021e333e76af1.js?body=1" for 127.0.0.1 at 2016-01-27 20:51:23 -0500


Started GET "/assets/jquery_ujs.self-d602bdfe68ffc63b9f9cc512872aa3cfff046228a0a36e90dd476e8ef54c1b09.js?body=1" for 127.0.0.1 at 2016-01-27 20:51:23 -0500


Started GET "/assets/jquery.self-c64a74367bda6ef8b860f19e74df08927ca99d2be2ac934e9e92d5fd361e0da4.js?body=1" for 127.0.0.1 at 2016-01-27 20:51:23 -0500


Started GET "/assets/sessions.self-e3b0c44298fc1c149afbf4c8996fb92427ae41e4649b934ca495991b7852b855.css?body=1" for 127.0.0.1 at 2016-01-27 20:51:23 -0500


Started GET "/assets/static_pages.self-e3b0c44298fc1c149afbf4c8996fb92427ae41e4649b934ca495991b7852b855.css?body=1" for 127.0.0.1 at 2016-01-27 20:51:23 -0500


Started GET "/assets/application.self-3b8dabdc891efe46b9a144b400ad69e37d7e5876bdc39dee783419a69d7ca819.js?body=1" for 127.0.0.1 at 2016-01-27 20:51:23 -0500


Started GET "/assets/users.self-877aef30ae1b040ab8a3aba4e3e309a11d7f2612f44dde450b5c157aa5f95c05.js?body=1" for 127.0.0.1 at 2016-01-27 20:51:23 -0500


Started GET "/assets/sessions.self-877aef30ae1b040ab8a3aba4e3e309a11d7f2612f44dde450b5c157aa5f95c05.js?body=1" for 127.0.0.1 at 2016-01-27 20:51:23 -0500


Started POST "/session" for 127.0.0.1 at 2016-01-27 20:51:30 -0500
Processing by SessionsController#create as HTML
  Parameters: {"authenticity_token"=>"cobvDhpWz0oI2HceBseaVIXIO6cX9Y6hkr4vro/jzN7SbUdU5LV9T4OmhNRAEaOP1yrpTS5euTa3A9Scwz+g3A==", "user"=>{"username"=>"christian", "password"=>"[FILTERED]"}}
  [1m[36mUser Load (0.3ms)[0m  [1mSELECT  "users".* FROM "users" WHERE "users"."username" = $1 LIMIT 1[0m  [["username", "christian"]]
  [1m[35m (0.1ms)[0m  BEGIN
  [1m[36mUser Exists (0.3ms)[0m  [1mSELECT  1 AS one FROM "users" WHERE ("users"."username" = 'christian' AND "users"."id" != 2) LIMIT 1[0m
  [1m[35mSQL (0.3ms)[0m  UPDATE "users" SET "session_token" = $1 WHERE "users"."id" = $2  [["session_token", "odTrao7vNHUjF3i3zuTiQA"], ["id", 2]]
  [1m[36m (1.9ms)[0m  [1mCOMMIT[0m
Redirected to http://localhost:3000/
Completed 302 Found in 115ms (ActiveRecord: 3.1ms)


Started GET "/" for 127.0.0.1 at 2016-01-27 20:51:30 -0500
Processing by StaticPagesController#root as HTML
  [1m[35mUser Load (0.2ms)[0m  SELECT  "users".* FROM "users" WHERE "users"."session_token" = $1 LIMIT 1  [["session_token", "odTrao7vNHUjF3i3zuTiQA"]]
  Rendered static_pages/root.html.erb within layouts/application (0.3ms)
  [1m[36mCACHE (0.0ms)[0m  [1mSELECT  "users".* FROM "users" WHERE "users"."session_token" = $1 LIMIT 1[0m  [["session_token", "odTrao7vNHUjF3i3zuTiQA"]]
Completed 200 OK in 44ms (Views: 42.2ms | ActiveRecord: 0.2ms)


Started DELETE "/session" for 127.0.0.1 at 2016-01-27 20:51:35 -0500
Processing by SessionsController#destroy as HTML
  Parameters: {"authenticity_token"=>"EBTl3k9D/BwiqcCJxRe/Tg4vnCkv66F+D2t+Gbquqmew/02EsaBOGanXM0ODwYaVXM1OwxZAlukq1oUr9nLGZQ=="}
  [1m[35mUser Load (0.3ms)[0m  SELECT  "users".* FROM "users" WHERE "users"."session_token" = $1 LIMIT 1  [["session_token", "odTrao7vNHUjF3i3zuTiQA"]]
  [1m[36m (0.1ms)[0m  [1mBEGIN[0m
  [1m[35mUser Exists (0.4ms)[0m  SELECT  1 AS one FROM "users" WHERE ("users"."username" = 'christian' AND "users"."id" != 2) LIMIT 1
  [1m[36mSQL (0.5ms)[0m  [1mUPDATE "users" SET "session_token" = $1 WHERE "users"."id" = $2[0m  [["session_token", "Ki_ZjsuNW0qumlonwdpA4g"], ["id", 2]]
  [1m[35m (3.1ms)[0m  COMMIT
Redirected to http://localhost:3000/session/new
Completed 302 Found in 11ms (ActiveRecord: 4.4ms)


Started GET "/session/new" for 127.0.0.1 at 2016-01-27 20:51:35 -0500
Processing by SessionsController#new as HTML
  Rendered sessions/new.html.erb within layouts/application (0.6ms)
  [1m[36mUser Load (0.3ms)[0m  [1mSELECT  "users".* FROM "users" WHERE "users"."session_token" IS NULL LIMIT 1[0m
Completed 200 OK in 20ms (Views: 19.4ms | ActiveRecord: 0.3ms)
